[2019-12-31 17:44:38] local.ERROR: InvalidArgumentException: View [app] not found. in C:\LoginsApi\vendor\illuminate\view\FileViewFinder.php:137
Stack trace:
#0 C:\LoginsApi\vendor\illuminate\view\FileViewFinder.php(79): Illuminate\View\FileViewFinder->findInPaths('app', Array)
#1 C:\LoginsApi\vendor\illuminate\view\Factory.php(130): Illuminate\View\FileViewFinder->find('app')
#2 C:\LoginsApi\vendor\laravel\lumen-framework\src\helpers.php(431): Illuminate\View\Factory->make('app', Array, Array)
#3 C:\LoginsApi\routes\web.php(25): view('app')
#4 [internal function]: Closure->{closure}('')
#5 C:\LoginsApi\vendor\illuminate\container\BoundMethod.php(29): call_user_func_array(Object(Closure), Array)
#6 C:\LoginsApi\vendor\illuminate\container\BoundMethod.php(75): Illuminate\Container\BoundMethod::Illuminate\Container\{closure}()
#7 C:\LoginsApi\vendor\illuminate\container\BoundMethod.php(31): Illuminate\Container\BoundMethod::callBoundMethod(Object(Laravel\Lumen\Application), Object(Closure), Object(Closure))
#8 C:\LoginsApi\vendor\illuminate\container\Container.php(572): Illuminate\Container\BoundMethod::call(Object(Laravel\Lumen\Application), Object(Closure), Array, NULL)
#9 C:\LoginsApi\vendor\laravel\lumen-framework\src\Concerns\RoutesRequests.php(291): Illuminate\Container\Container->call(Object(Closure), Array)
#10 C:\LoginsApi\vendor\laravel\lumen-framework\src\Concerns\RoutesRequests.php(265): Laravel\Lumen\Application->callActionOnArrayBasedRoute(Array)
#11 C:\LoginsApi\vendor\laravel\lumen-framework\src\Concerns\RoutesRequests.php(235): Laravel\Lumen\Application->handleFoundRoute(Array)
#12 C:\LoginsApi\vendor\laravel\lumen-framework\src\Concerns\RoutesRequests.php(169): Laravel\Lumen\Application->handleDispatcherResponse(Array)
#13 C:\LoginsApi\vendor\laravel\lumen-framework\src\Concerns\RoutesRequests.php(418): Laravel\Lumen\Application->Laravel\Lumen\Concerns\{closure}(Object(Laravel\Lumen\Http\Request))
#14 C:\LoginsApi\vendor\laravel\lumen-framework\src\Concerns\RoutesRequests.php(171): Laravel\Lumen\Application->sendThroughPipeline(Array, Object(Closure))
#15 C:\LoginsApi\vendor\laravel\lumen-framework\src\Concerns\RoutesRequests.php(108): Laravel\Lumen\Application->dispatch(NULL)
#16 C:\LoginsApi\public\index.php(28): Laravel\Lumen\Application->run()
#17 {main} {"exception":"[object] (InvalidArgumentException(code: 0): View [app] not found. at C:\\LoginsApi\\vendor\\illuminate\\view\\FileViewFinder.php:137)
[stacktrace]
#0 C:\\LoginsApi\\vendor\\illuminate\\view\\FileViewFinder.php(79): Illuminate\\View\\FileViewFinder->findInPaths('app', Array)
#1 C:\\LoginsApi\\vendor\\illuminate\\view\\Factory.php(130): Illuminate\\View\\FileViewFinder->find('app')
#2 C:\\LoginsApi\\vendor\\laravel\\lumen-framework\\src\\helpers.php(431): Illuminate\\View\\Factory->make('app', Array, Array)
#3 C:\\LoginsApi\outes\\web.php(25): view('app')
#4 [internal function]: Closure->{closure}('')
#5 C:\\LoginsApi\\vendor\\illuminate\\container\\BoundMethod.php(29): call_user_func_array(Object(Closure), Array)
#6 C:\\LoginsApi\\vendor\\illuminate\\container\\BoundMethod.php(75): Illuminate\\Container\\BoundMethod::Illuminate\\Container\\{closure}()
#7 C:\\LoginsApi\\vendor\\illuminate\\container\\BoundMethod.php(31): Illuminate\\Container\\BoundMethod::callBoundMethod(Object(Laravel\\Lumen\\Application), Object(Closure), Object(Closure))
#8 C:\\LoginsApi\\vendor\\illuminate\\container\\Container.php(572): Illuminate\\Container\\BoundMethod::call(Object(Laravel\\Lumen\\Application), Object(Closure), Array, NULL)
#9 C:\\LoginsApi\\vendor\\laravel\\lumen-framework\\src\\Concerns\\RoutesRequests.php(291): Illuminate\\Container\\Container->call(Object(Closure), Array)
#10 C:\\LoginsApi\\vendor\\laravel\\lumen-framework\\src\\Concerns\\RoutesRequests.php(265): Laravel\\Lumen\\Application->callActionOnArrayBasedRoute(Array)
#11 C:\\LoginsApi\\vendor\\laravel\\lumen-framework\\src\\Concerns\\RoutesRequests.php(235): Laravel\\Lumen\\Application->handleFoundRoute(Array)
#12 C:\\LoginsApi\\vendor\\laravel\\lumen-framework\\src\\Concerns\\RoutesRequests.php(169): Laravel\\Lumen\\Application->handleDispatcherResponse(Array)
#13 C:\\LoginsApi\\vendor\\laravel\\lumen-framework\\src\\Concerns\\RoutesRequests.php(418): Laravel\\Lumen\\Application->Laravel\\Lumen\\Concerns\\{closure}(Object(Laravel\\Lumen\\Http\\Request))
#14 C:\\LoginsApi\\vendor\\laravel\\lumen-framework\\src\\Concerns\\RoutesRequests.php(171): Laravel\\Lumen\\Application->sendThroughPipeline(Array, Object(Closure))
#15 C:\\LoginsApi\\vendor\\laravel\\lumen-framework\\src\\Concerns\\RoutesRequests.php(108): Laravel\\Lumen\\Application->dispatch(NULL)
#16 C:\\LoginsApi\\public\\index.php(28): Laravel\\Lumen\\Application->run()
#17 {main}
"} 
[2019-12-31 17:44:38] local.ERROR: InvalidArgumentException: View [app] not found. in C:\LoginsApi\vendor\illuminate\view\FileViewFinder.php:137
Stack trace:
#0 C:\LoginsApi\vendor\illuminate\view\FileViewFinder.php(79): Illuminate\View\FileViewFinder->findInPaths('app', Array)
#1 C:\LoginsApi\vendor\illuminate\view\Factory.php(130): Illuminate\View\FileViewFinder->find('app')
#2 C:\LoginsApi\vendor\laravel\lumen-framework\src\helpers.php(431): Illuminate\View\Factory->make('app', Array, Array)
#3 C:\LoginsApi\routes\web.php(25): view('app')
#4 [internal function]: Closure->{closure}('')
#5 C:\LoginsApi\vendor\illuminate\container\BoundMethod.php(29): call_user_func_array(Object(Closure), Array)
#6 C:\LoginsApi\vendor\illuminate\container\BoundMethod.php(75): Illuminate\Container\BoundMethod::Illuminate\Container\{closure}()
#7 C:\LoginsApi\vendor\illuminate\container\BoundMethod.php(31): Illuminate\Container\BoundMethod::callBoundMethod(Object(Laravel\Lumen\Application), Object(Closure), Object(Closure))
#8 C:\LoginsApi\vendor\illuminate\container\Container.php(572): Illuminate\Container\BoundMethod::call(Object(Laravel\Lumen\Application), Object(Closure), Array, NULL)
#9 C:\LoginsApi\vendor\laravel\lumen-framework\src\Concerns\RoutesRequests.php(291): Illuminate\Container\Container->call(Object(Closure), Array)
#10 C:\LoginsApi\vendor\laravel\lumen-framework\src\Concerns\RoutesRequests.php(265): Laravel\Lumen\Application->callActionOnArrayBasedRoute(Array)
#11 C:\LoginsApi\vendor\laravel\lumen-framework\src\Concerns\RoutesRequests.php(235): Laravel\Lumen\Application->handleFoundRoute(Array)
#12 C:\LoginsApi\vendor\laravel\lumen-framework\src\Concerns\RoutesRequests.php(169): Laravel\Lumen\Application->handleDispatcherResponse(Array)
#13 C:\LoginsApi\vendor\laravel\lumen-framework\src\Concerns\RoutesRequests.php(418): Laravel\Lumen\Application->Laravel\Lumen\Concerns\{closure}(Object(Laravel\Lumen\Http\Request))
#14 C:\LoginsApi\vendor\laravel\lumen-framework\src\Concerns\RoutesRequests.php(171): Laravel\Lumen\Application->sendThroughPipeline(Array, Object(Closure))
#15 C:\LoginsApi\vendor\laravel\lumen-framework\src\Concerns\RoutesRequests.php(108): Laravel\Lumen\Application->dispatch(NULL)
#16 C:\LoginsApi\public\index.php(28): Laravel\Lumen\Application->run()
#17 {main} {"exception":"[object] (InvalidArgumentException(code: 0): View [app] not found. at C:\\LoginsApi\\vendor\\illuminate\\view\\FileViewFinder.php:137)
[stacktrace]
#0 C:\\LoginsApi\\vendor\\illuminate\\view\\FileViewFinder.php(79): Illuminate\\View\\FileViewFinder->findInPaths('app', Array)
#1 C:\\LoginsApi\\vendor\\illuminate\\view\\Factory.php(130): Illuminate\\View\\FileViewFinder->find('app')
#2 C:\\LoginsApi\\vendor\\laravel\\lumen-framework\\src\\helpers.php(431): Illuminate\\View\\Factory->make('app', Array, Array)
#3 C:\\LoginsApi\outes\\web.php(25): view('app')
#4 [internal function]: Closure->{closure}('')
#5 C:\\LoginsApi\\vendor\\illuminate\\container\\BoundMethod.php(29): call_user_func_array(Object(Closure), Array)
#6 C:\\LoginsApi\\vendor\\illuminate\\container\\BoundMethod.php(75): Illuminate\\Container\\BoundMethod::Illuminate\\Container\\{closure}()
#7 C:\\LoginsApi\\vendor\\illuminate\\container\\BoundMethod.php(31): Illuminate\\Container\\BoundMethod::callBoundMethod(Object(Laravel\\Lumen\\Application), Object(Closure), Object(Closure))
#8 C:\\LoginsApi\\vendor\\illuminate\\container\\Container.php(572): Illuminate\\Container\\BoundMethod::call(Object(Laravel\\Lumen\\Application), Object(Closure), Array, NULL)
#9 C:\\LoginsApi\\vendor\\laravel\\lumen-framework\\src\\Concerns\\RoutesRequests.php(291): Illuminate\\Container\\Container->call(Object(Closure), Array)
#10 C:\\LoginsApi\\vendor\\laravel\\lumen-framework\\src\\Concerns\\RoutesRequests.php(265): Laravel\\Lumen\\Application->callActionOnArrayBasedRoute(Array)
#11 C:\\LoginsApi\\vendor\\laravel\\lumen-framework\\src\\Concerns\\RoutesRequests.php(235): Laravel\\Lumen\\Application->handleFoundRoute(Array)
#12 C:\\LoginsApi\\vendor\\laravel\\lumen-framework\\src\\Concerns\\RoutesRequests.php(169): Laravel\\Lumen\\Application->handleDispatcherResponse(Array)
#13 C:\\LoginsApi\\vendor\\laravel\\lumen-framework\\src\\Concerns\\RoutesRequests.php(418): Laravel\\Lumen\\Application->Laravel\\Lumen\\Concerns\\{closure}(Object(Laravel\\Lumen\\Http\\Request))
#14 C:\\LoginsApi\\vendor\\laravel\\lumen-framework\\src\\Concerns\\RoutesRequests.php(171): Laravel\\Lumen\\Application->sendThroughPipeline(Array, Object(Closure))
#15 C:\\LoginsApi\\vendor\\laravel\\lumen-framework\\src\\Concerns\\RoutesRequests.php(108): Laravel\\Lumen\\Application->dispatch(NULL)
#16 C:\\LoginsApi\\public\\index.php(28): Laravel\\Lumen\\Application->run()
#17 {main}
"} 
