[2019-12-30 14:54:15] local.ERROR: Symfony\Component\Debug\Exception\FatalErrorException: Namespace declaration statement has to be the very first statement or after any declare call in the script in C:\LoginsApi\app\Login.php:3
Stack trace:
#0 C:\LoginsApi\vendor\laravel\lumen-framework\src\Concerns\RegistersExceptionHandlers.php(54): Laravel\Lumen\Application->handleShutdown()
#1 [internal function]: Laravel\Lumen\Application->Laravel\Lumen\Concerns\{closure}()
#2 {main} {"exception":"[object] (Symfony\\Component\\Debug\\Exception\\FatalErrorException(code: 64): Namespace declaration statement has to be the very first statement or after any declare call in the script at C:\\LoginsApi\\app\\Login.php:3)
[stacktrace]
#0 C:\\LoginsApi\\vendor\\laravel\\lumen-framework\\src\\Concerns\\RegistersExceptionHandlers.php(54): Laravel\\Lumen\\Application->handleShutdown()
#1 [internal function]: Laravel\\Lumen\\Application->Laravel\\Lumen\\Concerns\\{closure}()
#2 {main}
"} 
[2019-12-30 15:00:50] local.ERROR: PDOException: SQLSTATE[HY000]: General error: 1 no such table: users in C:\LoginsApi\vendor\illuminate\database\Connection.php:326
Stack trace:
#0 C:\LoginsApi\vendor\illuminate\database\Connection.php(326): PDO->prepare('select count(*)...')
#1 C:\LoginsApi\vendor\illuminate\database\Connection.php(657): Illuminate\Database\Connection->Illuminate\Database\{closure}('select count(*)...', Array)
#2 C:\LoginsApi\vendor\illuminate\database\Connection.php(624): Illuminate\Database\Connection->runQueryCallback('select count(*)...', Array, Object(Closure))
#3 C:\LoginsApi\vendor\illuminate\database\Connection.php(333): Illuminate\Database\Connection->run('select count(*)...', Array, Object(Closure))
#4 C:\LoginsApi\vendor\illuminate\database\Query\Builder.php(2095): Illuminate\Database\Connection->select('select count(*)...', Array, false)
#5 C:\LoginsApi\vendor\illuminate\database\Query\Builder.php(2083): Illuminate\Database\Query\Builder->runSelect()
#6 C:\LoginsApi\vendor\illuminate\database\Query\Builder.php(2569): Illuminate\Database\Query\Builder->Illuminate\Database\Query\{closure}()
#7 C:\LoginsApi\vendor\illuminate\database\Query\Builder.php(2084): Illuminate\Database\Query\Builder->onceWithColumns(Array, Object(Closure))
#8 C:\LoginsApi\vendor\illuminate\database\Query\Builder.php(2496): Illuminate\Database\Query\Builder->get(Array)
#9 C:\LoginsApi\vendor\illuminate\database\Query\Builder.php(2424): Illuminate\Database\Query\Builder->aggregate('count', Array)
#10 C:\LoginsApi\vendor\illuminate\validation\DatabasePresenceVerifier.php(55): Illuminate\Database\Query\Builder->count()
#11 C:\LoginsApi\vendor\illuminate\validation\Concerns\ValidatesAttributes.php(717): Illuminate\Validation\DatabasePresenceVerifier->getCount('users', 'email', 'bill@bill.com', NULL, NULL, Array)
#12 C:\LoginsApi\vendor\illuminate\validation\Validator.php(398): Illuminate\Validation\Validator->validateUnique('email', 'bill@bill.com', Array, Object(Illuminate\Validation\Validator))
#13 C:\LoginsApi\vendor\illuminate\validation\Validator.php(277): Illuminate\Validation\Validator->validateAttribute('email', 'Unique')
#14 C:\LoginsApi\vendor\illuminate\validation\Validator.php(302): Illuminate\Validation\Validator->passes()
#15 C:\LoginsApi\vendor\laravel\lumen-framework\src\Routing\ProvidesConvenienceMethods.php(66): Illuminate\Validation\Validator->fails()
#16 C:\LoginsApi\app\Http\Controllers\LoginController.php(47): Laravel\Lumen\Routing\Controller->validate(Object(Laravel\Lumen\Http\Request), Array)
#17 [internal function]: App\Http\Controllers\LoginController->store(Object(Laravel\Lumen\Http\Request))
#18 C:\LoginsApi\vendor\illuminate\container\BoundMethod.php(29): call_user_func_array(Array, Array)
#19 C:\LoginsApi\vendor\illuminate\container\BoundMethod.php(87): Illuminate\Container\BoundMethod::Illuminate\Container\{closure}()
#20 C:\LoginsApi\vendor\illuminate\container\BoundMethod.php(31): Illuminate\Container\BoundMethod::callBoundMethod(Object(Laravel\Lumen\Application), Array, Object(Closure))
#21 C:\LoginsApi\vendor\illuminate\container\Container.php(572): Illuminate\Container\BoundMethod::call(Object(Laravel\Lumen\Application), Array, Array, NULL)
#22 C:\LoginsApi\vendor\laravel\lumen-framework\src\Concerns\RoutesRequests.php(378): Illuminate\Container\Container->call(Array, Array)
#23 C:\LoginsApi\vendor\laravel\lumen-framework\src\Concerns\RoutesRequests.php(344): Laravel\Lumen\Application->callControllerCallable(Array, Array)
#24 C:\LoginsApi\vendor\laravel\lumen-framework\src\Concerns\RoutesRequests.php(318): Laravel\Lumen\Application->callLumenController(Object(App\Http\Controllers\LoginController), 'store', Array)
#25 C:\LoginsApi\vendor\laravel\lumen-framework\src\Concerns\RoutesRequests.php(280): Laravel\Lumen\Application->callControllerAction(Array)
#26 C:\LoginsApi\vendor\laravel\lumen-framework\src\Concerns\RoutesRequests.php(265): Laravel\Lumen\Application->callActionOnArrayBasedRoute(Array)
#27 C:\LoginsApi\vendor\laravel\lumen-framework\src\Concerns\RoutesRequests.php(165): Laravel\Lumen\Application->handleFoundRoute(Array)
#28 C:\LoginsApi\vendor\laravel\lumen-framework\src\Concerns\RoutesRequests.php(418): Laravel\Lumen\Application->Laravel\Lumen\Concerns\{closure}(Object(Laravel\Lumen\Http\Request))
#29 C:\LoginsApi\vendor\laravel\lumen-framework\src\Concerns\RoutesRequests.php(171): Laravel\Lumen\Application->sendThroughPipeline(Array, Object(Closure))
#30 C:\LoginsApi\vendor\laravel\lumen-framework\src\Concerns\RoutesRequests.php(108): Laravel\Lumen\Application->dispatch(NULL)
#31 C:\LoginsApi\public\index.php(28): Laravel\Lumen\Application->run()
#32 {main}

Next Illuminate\Database\QueryException: SQLSTATE[HY000]: General error: 1 no such table: users (SQL: select count(*) as aggregate from "users" where "email" = bill@bill.com) in C:\LoginsApi\vendor\illuminate\database\Connection.php:664
Stack trace:
#0 C:\LoginsApi\vendor\illuminate\database\Connection.php(624): Illuminate\Database\Connection->runQueryCallback('select count(*)...', Array, Object(Closure))
#1 C:\LoginsApi\vendor\illuminate\database\Connection.php(333): Illuminate\Database\Connection->run('select count(*)...', Array, Object(Closure))
#2 C:\LoginsApi\vendor\illuminate\database\Query\Builder.php(2095): Illuminate\Database\Connection->select('select count(*)...', Array, false)
#3 C:\LoginsApi\vendor\illuminate\database\Query\Builder.php(2083): Illuminate\Database\Query\Builder->runSelect()
#4 C:\LoginsApi\vendor\illuminate\database\Query\Builder.php(2569): Illuminate\Database\Query\Builder->Illuminate\Database\Query\{closure}()
#5 C:\LoginsApi\vendor\illuminate\database\Query\Builder.php(2084): Illuminate\Database\Query\Builder->onceWithColumns(Array, Object(Closure))
#6 C:\LoginsApi\vendor\illuminate\database\Query\Builder.php(2496): Illuminate\Database\Query\Builder->get(Array)
#7 C:\LoginsApi\vendor\illuminate\database\Query\Builder.php(2424): Illuminate\Database\Query\Builder->aggregate('count', Array)
#8 C:\LoginsApi\vendor\illuminate\validation\DatabasePresenceVerifier.php(55): Illuminate\Database\Query\Builder->count()
#9 C:\LoginsApi\vendor\illuminate\validation\Concerns\ValidatesAttributes.php(717): Illuminate\Validation\DatabasePresenceVerifier->getCount('users', 'email', 'bill@bill.com', NULL, NULL, Array)
#10 C:\LoginsApi\vendor\illuminate\validation\Validator.php(398): Illuminate\Validation\Validator->validateUnique('email', 'bill@bill.com', Array, Object(Illuminate\Validation\Validator))
#11 C:\LoginsApi\vendor\illuminate\validation\Validator.php(277): Illuminate\Validation\Validator->validateAttribute('email', 'Unique')
#12 C:\LoginsApi\vendor\illuminate\validation\Validator.php(302): Illuminate\Validation\Validator->passes()
#13 C:\LoginsApi\vendor\laravel\lumen-framework\src\Routing\ProvidesConvenienceMethods.php(66): Illuminate\Validation\Validator->fails()
#14 C:\LoginsApi\app\Http\Controllers\LoginController.php(47): Laravel\Lumen\Routing\Controller->validate(Object(Laravel\Lumen\Http\Request), Array)
#15 [internal function]: App\Http\Controllers\LoginController->store(Object(Laravel\Lumen\Http\Request))
#16 C:\LoginsApi\vendor\illuminate\container\BoundMethod.php(29): call_user_func_array(Array, Array)
#17 C:\LoginsApi\vendor\illuminate\container\BoundMethod.php(87): Illuminate\Container\BoundMethod::Illuminate\Container\{closure}()
#18 C:\LoginsApi\vendor\illuminate\container\BoundMethod.php(31): Illuminate\Container\BoundMethod::callBoundMethod(Object(Laravel\Lumen\Application), Array, Object(Closure))
#19 C:\LoginsApi\vendor\illuminate\container\Container.php(572): Illuminate\Container\BoundMethod::call(Object(Laravel\Lumen\Application), Array, Array, NULL)
#20 C:\LoginsApi\vendor\laravel\lumen-framework\src\Concerns\RoutesRequests.php(378): Illuminate\Container\Container->call(Array, Array)
#21 C:\LoginsApi\vendor\laravel\lumen-framework\src\Concerns\RoutesRequests.php(344): Laravel\Lumen\Application->callControllerCallable(Array, Array)
#22 C:\LoginsApi\vendor\laravel\lumen-framework\src\Concerns\RoutesRequests.php(318): Laravel\Lumen\Application->callLumenController(Object(App\Http\Controllers\LoginController), 'store', Array)
#23 C:\LoginsApi\vendor\laravel\lumen-framework\src\Concerns\RoutesRequests.php(280): Laravel\Lumen\Application->callControllerAction(Array)
#24 C:\LoginsApi\vendor\laravel\lumen-framework\src\Concerns\RoutesRequests.php(265): Laravel\Lumen\Application->callActionOnArrayBasedRoute(Array)
#25 C:\LoginsApi\vendor\laravel\lumen-framework\src\Concerns\RoutesRequests.php(165): Laravel\Lumen\Application->handleFoundRoute(Array)
#26 C:\LoginsApi\vendor\laravel\lumen-framework\src\Concerns\RoutesRequests.php(418): Laravel\Lumen\Application->Laravel\Lumen\Concerns\{closure}(Object(Laravel\Lumen\Http\Request))
#27 C:\LoginsApi\vendor\laravel\lumen-framework\src\Concerns\RoutesRequests.php(171): Laravel\Lumen\Application->sendThroughPipeline(Array, Object(Closure))
#28 C:\LoginsApi\vendor\laravel\lumen-framework\src\Concerns\RoutesRequests.php(108): Laravel\Lumen\Application->dispatch(NULL)
#29 C:\LoginsApi\public\index.php(28): Laravel\Lumen\Application->run()
#30 {main} {"exception":"[object] (Illuminate\\Database\\QueryException(code: HY000): SQLSTATE[HY000]: General error: 1 no such table: users (SQL: select count(*) as aggregate from \"users\" where \"email\" = bill@bill.com) at C:\\LoginsApi\\vendor\\illuminate\\database\\Connection.php:664, PDOException(code: HY000): SQLSTATE[HY000]: General error: 1 no such table: users at C:\\LoginsApi\\vendor\\illuminate\\database\\Connection.php:326)
[stacktrace]
#0 C:\\LoginsApi\\vendor\\illuminate\\database\\Connection.php(624): Illuminate\\Database\\Connection->runQueryCallback('select count(*)...', Array, Object(Closure))
#1 C:\\LoginsApi\\vendor\\illuminate\\database\\Connection.php(333): Illuminate\\Database\\Connection->run('select count(*)...', Array, Object(Closure))
#2 C:\\LoginsApi\\vendor\\illuminate\\database\\Query\\Builder.php(2095): Illuminate\\Database\\Connection->select('select count(*)...', Array, false)
#3 C:\\LoginsApi\\vendor\\illuminate\\database\\Query\\Builder.php(2083): Illuminate\\Database\\Query\\Builder->runSelect()
#4 C:\\LoginsApi\\vendor\\illuminate\\database\\Query\\Builder.php(2569): Illuminate\\Database\\Query\\Builder->Illuminate\\Database\\Query\\{closure}()
#5 C:\\LoginsApi\\vendor\\illuminate\\database\\Query\\Builder.php(2084): Illuminate\\Database\\Query\\Builder->onceWithColumns(Array, Object(Closure))
#6 C:\\LoginsApi\\vendor\\illuminate\\database\\Query\\Builder.php(2496): Illuminate\\Database\\Query\\Builder->get(Array)
#7 C:\\LoginsApi\\vendor\\illuminate\\database\\Query\\Builder.php(2424): Illuminate\\Database\\Query\\Builder->aggregate('count', Array)
#8 C:\\LoginsApi\\vendor\\illuminate\\validation\\DatabasePresenceVerifier.php(55): Illuminate\\Database\\Query\\Builder->count()
#9 C:\\LoginsApi\\vendor\\illuminate\\validation\\Concerns\\ValidatesAttributes.php(717): Illuminate\\Validation\\DatabasePresenceVerifier->getCount('users', 'email', 'bill@bill.com', NULL, NULL, Array)
#10 C:\\LoginsApi\\vendor\\illuminate\\validation\\Validator.php(398): Illuminate\\Validation\\Validator->validateUnique('email', 'bill@bill.com', Array, Object(Illuminate\\Validation\\Validator))
#11 C:\\LoginsApi\\vendor\\illuminate\\validation\\Validator.php(277): Illuminate\\Validation\\Validator->validateAttribute('email', 'Unique')
#12 C:\\LoginsApi\\vendor\\illuminate\\validation\\Validator.php(302): Illuminate\\Validation\\Validator->passes()
#13 C:\\LoginsApi\\vendor\\laravel\\lumen-framework\\src\\Routing\\ProvidesConvenienceMethods.php(66): Illuminate\\Validation\\Validator->fails()
#14 C:\\LoginsApi\\app\\Http\\Controllers\\LoginController.php(47): Laravel\\Lumen\\Routing\\Controller->validate(Object(Laravel\\Lumen\\Http\\Request), Array)
#15 [internal function]: App\\Http\\Controllers\\LoginController->store(Object(Laravel\\Lumen\\Http\\Request))
#16 C:\\LoginsApi\\vendor\\illuminate\\container\\BoundMethod.php(29): call_user_func_array(Array, Array)
#17 C:\\LoginsApi\\vendor\\illuminate\\container\\BoundMethod.php(87): Illuminate\\Container\\BoundMethod::Illuminate\\Container\\{closure}()
#18 C:\\LoginsApi\\vendor\\illuminate\\container\\BoundMethod.php(31): Illuminate\\Container\\BoundMethod::callBoundMethod(Object(Laravel\\Lumen\\Application), Array, Object(Closure))
#19 C:\\LoginsApi\\vendor\\illuminate\\container\\Container.php(572): Illuminate\\Container\\BoundMethod::call(Object(Laravel\\Lumen\\Application), Array, Array, NULL)
#20 C:\\LoginsApi\\vendor\\laravel\\lumen-framework\\src\\Concerns\\RoutesRequests.php(378): Illuminate\\Container\\Container->call(Array, Array)
#21 C:\\LoginsApi\\vendor\\laravel\\lumen-framework\\src\\Concerns\\RoutesRequests.php(344): Laravel\\Lumen\\Application->callControllerCallable(Array, Array)
#22 C:\\LoginsApi\\vendor\\laravel\\lumen-framework\\src\\Concerns\\RoutesRequests.php(318): Laravel\\Lumen\\Application->callLumenController(Object(App\\Http\\Controllers\\LoginController), 'store', Array)
#23 C:\\LoginsApi\\vendor\\laravel\\lumen-framework\\src\\Concerns\\RoutesRequests.php(280): Laravel\\Lumen\\Application->callControllerAction(Array)
#24 C:\\LoginsApi\\vendor\\laravel\\lumen-framework\\src\\Concerns\\RoutesRequests.php(265): Laravel\\Lumen\\Application->callActionOnArrayBasedRoute(Array)
#25 C:\\LoginsApi\\vendor\\laravel\\lumen-framework\\src\\Concerns\\RoutesRequests.php(165): Laravel\\Lumen\\Application->handleFoundRoute(Array)
#26 C:\\LoginsApi\\vendor\\laravel\\lumen-framework\\src\\Concerns\\RoutesRequests.php(418): Laravel\\Lumen\\Application->Laravel\\Lumen\\Concerns\\{closure}(Object(Laravel\\Lumen\\Http\\Request))
#27 C:\\LoginsApi\\vendor\\laravel\\lumen-framework\\src\\Concerns\\RoutesRequests.php(171): Laravel\\Lumen\\Application->sendThroughPipeline(Array, Object(Closure))
#28 C:\\LoginsApi\\vendor\\laravel\\lumen-framework\\src\\Concerns\\RoutesRequests.php(108): Laravel\\Lumen\\Application->dispatch(NULL)
#29 C:\\LoginsApi\\public\\index.php(28): Laravel\\Lumen\\Application->run()
#30 {main}
"} 
