[2020-01-06 15:18:33] local.ERROR: InvalidArgumentException: View [register1] not found. in C:\LoginsApi\vendor\illuminate\view\FileViewFinder.php:137
Stack trace:
#0 C:\LoginsApi\vendor\illuminate\view\FileViewFinder.php(79): Illuminate\View\FileViewFinder->findInPaths('register1', Array)
#1 C:\LoginsApi\vendor\illuminate\view\Factory.php(130): Illuminate\View\FileViewFinder->find('register1')
#2 C:\LoginsApi\vendor\laravel\lumen-framework\src\helpers.php(431): Illuminate\View\Factory->make('register1', Array, Array)
#3 C:\LoginsApi\app\Http\Controllers\RegisterController.php(42): view('register1')
#4 [internal function]: App\Http\Controllers\RegisterController->create()
#5 C:\LoginsApi\vendor\illuminate\container\BoundMethod.php(29): call_user_func_array(Array, Array)
#6 C:\LoginsApi\vendor\illuminate\container\BoundMethod.php(87): Illuminate\Container\BoundMethod::Illuminate\Container\{closure}()
#7 C:\LoginsApi\vendor\illuminate\container\BoundMethod.php(31): Illuminate\Container\BoundMethod::callBoundMethod(Object(Laravel\Lumen\Application), Array, Object(Closure))
#8 C:\LoginsApi\vendor\illuminate\container\Container.php(572): Illuminate\Container\BoundMethod::call(Object(Laravel\Lumen\Application), Array, Array, NULL)
#9 C:\LoginsApi\vendor\laravel\lumen-framework\src\Concerns\RoutesRequests.php(378): Illuminate\Container\Container->call(Array, Array)
#10 C:\LoginsApi\vendor\laravel\lumen-framework\src\Concerns\RoutesRequests.php(344): Laravel\Lumen\Application->callControllerCallable(Array, Array)
#11 C:\LoginsApi\vendor\laravel\lumen-framework\src\Concerns\RoutesRequests.php(318): Laravel\Lumen\Application->callLumenController(Object(App\Http\Controllers\RegisterController), 'create', Array)
#12 C:\LoginsApi\vendor\laravel\lumen-framework\src\Concerns\RoutesRequests.php(280): Laravel\Lumen\Application->callControllerAction(Array)
#13 C:\LoginsApi\vendor\laravel\lumen-framework\src\Concerns\RoutesRequests.php(265): Laravel\Lumen\Application->callActionOnArrayBasedRoute(Array)
#14 C:\LoginsApi\vendor\laravel\lumen-framework\src\Concerns\RoutesRequests.php(165): Laravel\Lumen\Application->handleFoundRoute(Array)
#15 C:\LoginsApi\vendor\laravel\lumen-framework\src\Concerns\RoutesRequests.php(418): Laravel\Lumen\Application->Laravel\Lumen\Concerns\{closure}(Object(Laravel\Lumen\Http\Request))
#16 C:\LoginsApi\vendor\laravel\lumen-framework\src\Concerns\RoutesRequests.php(171): Laravel\Lumen\Application->sendThroughPipeline(Array, Object(Closure))
#17 C:\LoginsApi\vendor\laravel\lumen-framework\src\Concerns\RoutesRequests.php(108): Laravel\Lumen\Application->dispatch(NULL)
#18 C:\LoginsApi\public\index.php(28): Laravel\Lumen\Application->run()
#19 {main} {"exception":"[object] (InvalidArgumentException(code: 0): View [register1] not found. at C:\\LoginsApi\\vendor\\illuminate\\view\\FileViewFinder.php:137)
[stacktrace]
#0 C:\\LoginsApi\\vendor\\illuminate\\view\\FileViewFinder.php(79): Illuminate\\View\\FileViewFinder->findInPaths('register1', Array)
#1 C:\\LoginsApi\\vendor\\illuminate\\view\\Factory.php(130): Illuminate\\View\\FileViewFinder->find('register1')
#2 C:\\LoginsApi\\vendor\\laravel\\lumen-framework\\src\\helpers.php(431): Illuminate\\View\\Factory->make('register1', Array, Array)
#3 C:\\LoginsApi\\app\\Http\\Controllers\\RegisterController.php(42): view('register1')
#4 [internal function]: App\\Http\\Controllers\\RegisterController->create()
#5 C:\\LoginsApi\\vendor\\illuminate\\container\\BoundMethod.php(29): call_user_func_array(Array, Array)
#6 C:\\LoginsApi\\vendor\\illuminate\\container\\BoundMethod.php(87): Illuminate\\Container\\BoundMethod::Illuminate\\Container\\{closure}()
#7 C:\\LoginsApi\\vendor\\illuminate\\container\\BoundMethod.php(31): Illuminate\\Container\\BoundMethod::callBoundMethod(Object(Laravel\\Lumen\\Application), Array, Object(Closure))
#8 C:\\LoginsApi\\vendor\\illuminate\\container\\Container.php(572): Illuminate\\Container\\BoundMethod::call(Object(Laravel\\Lumen\\Application), Array, Array, NULL)
#9 C:\\LoginsApi\\vendor\\laravel\\lumen-framework\\src\\Concerns\\RoutesRequests.php(378): Illuminate\\Container\\Container->call(Array, Array)
#10 C:\\LoginsApi\\vendor\\laravel\\lumen-framework\\src\\Concerns\\RoutesRequests.php(344): Laravel\\Lumen\\Application->callControllerCallable(Array, Array)
#11 C:\\LoginsApi\\vendor\\laravel\\lumen-framework\\src\\Concerns\\RoutesRequests.php(318): Laravel\\Lumen\\Application->callLumenController(Object(App\\Http\\Controllers\\RegisterController), 'create', Array)
#12 C:\\LoginsApi\\vendor\\laravel\\lumen-framework\\src\\Concerns\\RoutesRequests.php(280): Laravel\\Lumen\\Application->callControllerAction(Array)
#13 C:\\LoginsApi\\vendor\\laravel\\lumen-framework\\src\\Concerns\\RoutesRequests.php(265): Laravel\\Lumen\\Application->callActionOnArrayBasedRoute(Array)
#14 C:\\LoginsApi\\vendor\\laravel\\lumen-framework\\src\\Concerns\\RoutesRequests.php(165): Laravel\\Lumen\\Application->handleFoundRoute(Array)
#15 C:\\LoginsApi\\vendor\\laravel\\lumen-framework\\src\\Concerns\\RoutesRequests.php(418): Laravel\\Lumen\\Application->Laravel\\Lumen\\Concerns\\{closure}(Object(Laravel\\Lumen\\Http\\Request))
#16 C:\\LoginsApi\\vendor\\laravel\\lumen-framework\\src\\Concerns\\RoutesRequests.php(171): Laravel\\Lumen\\Application->sendThroughPipeline(Array, Object(Closure))
#17 C:\\LoginsApi\\vendor\\laravel\\lumen-framework\\src\\Concerns\\RoutesRequests.php(108): Laravel\\Lumen\\Application->dispatch(NULL)
#18 C:\\LoginsApi\\public\\index.php(28): Laravel\\Lumen\\Application->run()
#19 {main}
"} 
[2020-01-06 15:44:15] local.ERROR: InvalidArgumentException: Route [logins] not defined. in C:\LoginsApi\vendor\laravel\lumen-framework\src\Routing\UrlGenerator.php:253
Stack trace:
#0 C:\LoginsApi\vendor\laravel\lumen-framework\src\Http\Redirector.php(55): Laravel\Lumen\Routing\UrlGenerator->route('logins', Array)
#1 C:\LoginsApi\app\Http\Controllers\RegisterController.php(68): Laravel\Lumen\Http\Redirector->route('logins')
#2 [internal function]: App\Http\Controllers\RegisterController->store(Object(Laravel\Lumen\Http\Request))
#3 C:\LoginsApi\vendor\illuminate\container\BoundMethod.php(29): call_user_func_array(Array, Array)
#4 C:\LoginsApi\vendor\illuminate\container\BoundMethod.php(87): Illuminate\Container\BoundMethod::Illuminate\Container\{closure}()
#5 C:\LoginsApi\vendor\illuminate\container\BoundMethod.php(31): Illuminate\Container\BoundMethod::callBoundMethod(Object(Laravel\Lumen\Application), Array, Object(Closure))
#6 C:\LoginsApi\vendor\illuminate\container\Container.php(572): Illuminate\Container\BoundMethod::call(Object(Laravel\Lumen\Application), Array, Array, NULL)
#7 C:\LoginsApi\vendor\laravel\lumen-framework\src\Concerns\RoutesRequests.php(378): Illuminate\Container\Container->call(Array, Array)
#8 C:\LoginsApi\vendor\laravel\lumen-framework\src\Concerns\RoutesRequests.php(344): Laravel\Lumen\Application->callControllerCallable(Array, Array)
#9 C:\LoginsApi\vendor\laravel\lumen-framework\src\Concerns\RoutesRequests.php(318): Laravel\Lumen\Application->callLumenController(Object(App\Http\Controllers\RegisterController), 'store', Array)
#10 C:\LoginsApi\vendor\laravel\lumen-framework\src\Concerns\RoutesRequests.php(280): Laravel\Lumen\Application->callControllerAction(Array)
#11 C:\LoginsApi\vendor\laravel\lumen-framework\src\Concerns\RoutesRequests.php(265): Laravel\Lumen\Application->callActionOnArrayBasedRoute(Array)
#12 C:\LoginsApi\vendor\laravel\lumen-framework\src\Concerns\RoutesRequests.php(165): Laravel\Lumen\Application->handleFoundRoute(Array)
#13 C:\LoginsApi\vendor\laravel\lumen-framework\src\Concerns\RoutesRequests.php(418): Laravel\Lumen\Application->Laravel\Lumen\Concerns\{closure}(Object(Laravel\Lumen\Http\Request))
#14 C:\LoginsApi\vendor\laravel\lumen-framework\src\Concerns\RoutesRequests.php(171): Laravel\Lumen\Application->sendThroughPipeline(Array, Object(Closure))
#15 C:\LoginsApi\vendor\laravel\lumen-framework\src\Concerns\RoutesRequests.php(108): Laravel\Lumen\Application->dispatch(NULL)
#16 C:\LoginsApi\public\index.php(28): Laravel\Lumen\Application->run()
#17 {main} {"exception":"[object] (InvalidArgumentException(code: 0): Route [logins] not defined. at C:\\LoginsApi\\vendor\\laravel\\lumen-framework\\src\\Routing\\UrlGenerator.php:253)
[stacktrace]
#0 C:\\LoginsApi\\vendor\\laravel\\lumen-framework\\src\\Http\\Redirector.php(55): Laravel\\Lumen\\Routing\\UrlGenerator->route('logins', Array)
#1 C:\\LoginsApi\\app\\Http\\Controllers\\RegisterController.php(68): Laravel\\Lumen\\Http\\Redirector->route('logins')
#2 [internal function]: App\\Http\\Controllers\\RegisterController->store(Object(Laravel\\Lumen\\Http\\Request))
#3 C:\\LoginsApi\\vendor\\illuminate\\container\\BoundMethod.php(29): call_user_func_array(Array, Array)
#4 C:\\LoginsApi\\vendor\\illuminate\\container\\BoundMethod.php(87): Illuminate\\Container\\BoundMethod::Illuminate\\Container\\{closure}()
#5 C:\\LoginsApi\\vendor\\illuminate\\container\\BoundMethod.php(31): Illuminate\\Container\\BoundMethod::callBoundMethod(Object(Laravel\\Lumen\\Application), Array, Object(Closure))
#6 C:\\LoginsApi\\vendor\\illuminate\\container\\Container.php(572): Illuminate\\Container\\BoundMethod::call(Object(Laravel\\Lumen\\Application), Array, Array, NULL)
#7 C:\\LoginsApi\\vendor\\laravel\\lumen-framework\\src\\Concerns\\RoutesRequests.php(378): Illuminate\\Container\\Container->call(Array, Array)
#8 C:\\LoginsApi\\vendor\\laravel\\lumen-framework\\src\\Concerns\\RoutesRequests.php(344): Laravel\\Lumen\\Application->callControllerCallable(Array, Array)
#9 C:\\LoginsApi\\vendor\\laravel\\lumen-framework\\src\\Concerns\\RoutesRequests.php(318): Laravel\\Lumen\\Application->callLumenController(Object(App\\Http\\Controllers\\RegisterController), 'store', Array)
#10 C:\\LoginsApi\\vendor\\laravel\\lumen-framework\\src\\Concerns\\RoutesRequests.php(280): Laravel\\Lumen\\Application->callControllerAction(Array)
#11 C:\\LoginsApi\\vendor\\laravel\\lumen-framework\\src\\Concerns\\RoutesRequests.php(265): Laravel\\Lumen\\Application->callActionOnArrayBasedRoute(Array)
#12 C:\\LoginsApi\\vendor\\laravel\\lumen-framework\\src\\Concerns\\RoutesRequests.php(165): Laravel\\Lumen\\Application->handleFoundRoute(Array)
#13 C:\\LoginsApi\\vendor\\laravel\\lumen-framework\\src\\Concerns\\RoutesRequests.php(418): Laravel\\Lumen\\Application->Laravel\\Lumen\\Concerns\\{closure}(Object(Laravel\\Lumen\\Http\\Request))
#14 C:\\LoginsApi\\vendor\\laravel\\lumen-framework\\src\\Concerns\\RoutesRequests.php(171): Laravel\\Lumen\\Application->sendThroughPipeline(Array, Object(Closure))
#15 C:\\LoginsApi\\vendor\\laravel\\lumen-framework\\src\\Concerns\\RoutesRequests.php(108): Laravel\\Lumen\\Application->dispatch(NULL)
#16 C:\\LoginsApi\\public\\index.php(28): Laravel\\Lumen\\Application->run()
#17 {main}
"} 
[2020-01-06 15:44:51] local.ERROR: InvalidArgumentException: Route [/logins] not defined. in C:\LoginsApi\vendor\laravel\lumen-framework\src\Routing\UrlGenerator.php:253
Stack trace:
#0 C:\LoginsApi\vendor\laravel\lumen-framework\src\Http\Redirector.php(55): Laravel\Lumen\Routing\UrlGenerator->route('/logins', Array)
#1 C:\LoginsApi\app\Http\Controllers\RegisterController.php(68): Laravel\Lumen\Http\Redirector->route('/logins')
#2 [internal function]: App\Http\Controllers\RegisterController->store(Object(Laravel\Lumen\Http\Request))
#3 C:\LoginsApi\vendor\illuminate\container\BoundMethod.php(29): call_user_func_array(Array, Array)
#4 C:\LoginsApi\vendor\illuminate\container\BoundMethod.php(87): Illuminate\Container\BoundMethod::Illuminate\Container\{closure}()
#5 C:\LoginsApi\vendor\illuminate\container\BoundMethod.php(31): Illuminate\Container\BoundMethod::callBoundMethod(Object(Laravel\Lumen\Application), Array, Object(Closure))
#6 C:\LoginsApi\vendor\illuminate\container\Container.php(572): Illuminate\Container\BoundMethod::call(Object(Laravel\Lumen\Application), Array, Array, NULL)
#7 C:\LoginsApi\vendor\laravel\lumen-framework\src\Concerns\RoutesRequests.php(378): Illuminate\Container\Container->call(Array, Array)
#8 C:\LoginsApi\vendor\laravel\lumen-framework\src\Concerns\RoutesRequests.php(344): Laravel\Lumen\Application->callControllerCallable(Array, Array)
#9 C:\LoginsApi\vendor\laravel\lumen-framework\src\Concerns\RoutesRequests.php(318): Laravel\Lumen\Application->callLumenController(Object(App\Http\Controllers\RegisterController), 'store', Array)
#10 C:\LoginsApi\vendor\laravel\lumen-framework\src\Concerns\RoutesRequests.php(280): Laravel\Lumen\Application->callControllerAction(Array)
#11 C:\LoginsApi\vendor\laravel\lumen-framework\src\Concerns\RoutesRequests.php(265): Laravel\Lumen\Application->callActionOnArrayBasedRoute(Array)
#12 C:\LoginsApi\vendor\laravel\lumen-framework\src\Concerns\RoutesRequests.php(165): Laravel\Lumen\Application->handleFoundRoute(Array)
#13 C:\LoginsApi\vendor\laravel\lumen-framework\src\Concerns\RoutesRequests.php(418): Laravel\Lumen\Application->Laravel\Lumen\Concerns\{closure}(Object(Laravel\Lumen\Http\Request))
#14 C:\LoginsApi\vendor\laravel\lumen-framework\src\Concerns\RoutesRequests.php(171): Laravel\Lumen\Application->sendThroughPipeline(Array, Object(Closure))
#15 C:\LoginsApi\vendor\laravel\lumen-framework\src\Concerns\RoutesRequests.php(108): Laravel\Lumen\Application->dispatch(NULL)
#16 C:\LoginsApi\public\index.php(28): Laravel\Lumen\Application->run()
#17 {main} {"exception":"[object] (InvalidArgumentException(code: 0): Route [/logins] not defined. at C:\\LoginsApi\\vendor\\laravel\\lumen-framework\\src\\Routing\\UrlGenerator.php:253)
[stacktrace]
#0 C:\\LoginsApi\\vendor\\laravel\\lumen-framework\\src\\Http\\Redirector.php(55): Laravel\\Lumen\\Routing\\UrlGenerator->route('/logins', Array)
#1 C:\\LoginsApi\\app\\Http\\Controllers\\RegisterController.php(68): Laravel\\Lumen\\Http\\Redirector->route('/logins')
#2 [internal function]: App\\Http\\Controllers\\RegisterController->store(Object(Laravel\\Lumen\\Http\\Request))
#3 C:\\LoginsApi\\vendor\\illuminate\\container\\BoundMethod.php(29): call_user_func_array(Array, Array)
#4 C:\\LoginsApi\\vendor\\illuminate\\container\\BoundMethod.php(87): Illuminate\\Container\\BoundMethod::Illuminate\\Container\\{closure}()
#5 C:\\LoginsApi\\vendor\\illuminate\\container\\BoundMethod.php(31): Illuminate\\Container\\BoundMethod::callBoundMethod(Object(Laravel\\Lumen\\Application), Array, Object(Closure))
#6 C:\\LoginsApi\\vendor\\illuminate\\container\\Container.php(572): Illuminate\\Container\\BoundMethod::call(Object(Laravel\\Lumen\\Application), Array, Array, NULL)
#7 C:\\LoginsApi\\vendor\\laravel\\lumen-framework\\src\\Concerns\\RoutesRequests.php(378): Illuminate\\Container\\Container->call(Array, Array)
#8 C:\\LoginsApi\\vendor\\laravel\\lumen-framework\\src\\Concerns\\RoutesRequests.php(344): Laravel\\Lumen\\Application->callControllerCallable(Array, Array)
#9 C:\\LoginsApi\\vendor\\laravel\\lumen-framework\\src\\Concerns\\RoutesRequests.php(318): Laravel\\Lumen\\Application->callLumenController(Object(App\\Http\\Controllers\\RegisterController), 'store', Array)
#10 C:\\LoginsApi\\vendor\\laravel\\lumen-framework\\src\\Concerns\\RoutesRequests.php(280): Laravel\\Lumen\\Application->callControllerAction(Array)
#11 C:\\LoginsApi\\vendor\\laravel\\lumen-framework\\src\\Concerns\\RoutesRequests.php(265): Laravel\\Lumen\\Application->callActionOnArrayBasedRoute(Array)
#12 C:\\LoginsApi\\vendor\\laravel\\lumen-framework\\src\\Concerns\\RoutesRequests.php(165): Laravel\\Lumen\\Application->handleFoundRoute(Array)
#13 C:\\LoginsApi\\vendor\\laravel\\lumen-framework\\src\\Concerns\\RoutesRequests.php(418): Laravel\\Lumen\\Application->Laravel\\Lumen\\Concerns\\{closure}(Object(Laravel\\Lumen\\Http\\Request))
#14 C:\\LoginsApi\\vendor\\laravel\\lumen-framework\\src\\Concerns\\RoutesRequests.php(171): Laravel\\Lumen\\Application->sendThroughPipeline(Array, Object(Closure))
#15 C:\\LoginsApi\\vendor\\laravel\\lumen-framework\\src\\Concerns\\RoutesRequests.php(108): Laravel\\Lumen\\Application->dispatch(NULL)
#16 C:\\LoginsApi\\public\\index.php(28): Laravel\\Lumen\\Application->run()
#17 {main}
"} 
[2020-01-06 15:48:09] local.ERROR: Symfony\Component\Debug\Exception\FatalThrowableError: Call to undefined method Laravel\Lumen\Http\Redirector::action() in C:\LoginsApi\app\Http\Controllers\RegisterController.php:68
Stack trace:
#0 [internal function]: App\Http\Controllers\RegisterController->store(Object(Laravel\Lumen\Http\Request))
#1 C:\LoginsApi\vendor\illuminate\container\BoundMethod.php(29): call_user_func_array(Array, Array)
#2 C:\LoginsApi\vendor\illuminate\container\BoundMethod.php(87): Illuminate\Container\BoundMethod::Illuminate\Container\{closure}()
#3 C:\LoginsApi\vendor\illuminate\container\BoundMethod.php(31): Illuminate\Container\BoundMethod::callBoundMethod(Object(Laravel\Lumen\Application), Array, Object(Closure))
#4 C:\LoginsApi\vendor\illuminate\container\Container.php(572): Illuminate\Container\BoundMethod::call(Object(Laravel\Lumen\Application), Array, Array, NULL)
#5 C:\LoginsApi\vendor\laravel\lumen-framework\src\Concerns\RoutesRequests.php(378): Illuminate\Container\Container->call(Array, Array)
#6 C:\LoginsApi\vendor\laravel\lumen-framework\src\Concerns\RoutesRequests.php(344): Laravel\Lumen\Application->callControllerCallable(Array, Array)
#7 C:\LoginsApi\vendor\laravel\lumen-framework\src\Concerns\RoutesRequests.php(318): Laravel\Lumen\Application->callLumenController(Object(App\Http\Controllers\RegisterController), 'store', Array)
#8 C:\LoginsApi\vendor\laravel\lumen-framework\src\Concerns\RoutesRequests.php(280): Laravel\Lumen\Application->callControllerAction(Array)
#9 C:\LoginsApi\vendor\laravel\lumen-framework\src\Concerns\RoutesRequests.php(265): Laravel\Lumen\Application->callActionOnArrayBasedRoute(Array)
#10 C:\LoginsApi\vendor\laravel\lumen-framework\src\Concerns\RoutesRequests.php(165): Laravel\Lumen\Application->handleFoundRoute(Array)
#11 C:\LoginsApi\vendor\laravel\lumen-framework\src\Concerns\RoutesRequests.php(418): Laravel\Lumen\Application->Laravel\Lumen\Concerns\{closure}(Object(Laravel\Lumen\Http\Request))
#12 C:\LoginsApi\vendor\laravel\lumen-framework\src\Concerns\RoutesRequests.php(171): Laravel\Lumen\Application->sendThroughPipeline(Array, Object(Closure))
#13 C:\LoginsApi\vendor\laravel\lumen-framework\src\Concerns\RoutesRequests.php(108): Laravel\Lumen\Application->dispatch(NULL)
#14 C:\LoginsApi\public\index.php(28): Laravel\Lumen\Application->run()
#15 {main} {"exception":"[object] (Symfony\\Component\\Debug\\Exception\\FatalThrowableError(code: 0): Call to undefined method Laravel\\Lumen\\Http\\Redirector::action() at C:\\LoginsApi\\app\\Http\\Controllers\\RegisterController.php:68)
[stacktrace]
#0 [internal function]: App\\Http\\Controllers\\RegisterController->store(Object(Laravel\\Lumen\\Http\\Request))
#1 C:\\LoginsApi\\vendor\\illuminate\\container\\BoundMethod.php(29): call_user_func_array(Array, Array)
#2 C:\\LoginsApi\\vendor\\illuminate\\container\\BoundMethod.php(87): Illuminate\\Container\\BoundMethod::Illuminate\\Container\\{closure}()
#3 C:\\LoginsApi\\vendor\\illuminate\\container\\BoundMethod.php(31): Illuminate\\Container\\BoundMethod::callBoundMethod(Object(Laravel\\Lumen\\Application), Array, Object(Closure))
#4 C:\\LoginsApi\\vendor\\illuminate\\container\\Container.php(572): Illuminate\\Container\\BoundMethod::call(Object(Laravel\\Lumen\\Application), Array, Array, NULL)
#5 C:\\LoginsApi\\vendor\\laravel\\lumen-framework\\src\\Concerns\\RoutesRequests.php(378): Illuminate\\Container\\Container->call(Array, Array)
#6 C:\\LoginsApi\\vendor\\laravel\\lumen-framework\\src\\Concerns\\RoutesRequests.php(344): Laravel\\Lumen\\Application->callControllerCallable(Array, Array)
#7 C:\\LoginsApi\\vendor\\laravel\\lumen-framework\\src\\Concerns\\RoutesRequests.php(318): Laravel\\Lumen\\Application->callLumenController(Object(App\\Http\\Controllers\\RegisterController), 'store', Array)
#8 C:\\LoginsApi\\vendor\\laravel\\lumen-framework\\src\\Concerns\\RoutesRequests.php(280): Laravel\\Lumen\\Application->callControllerAction(Array)
#9 C:\\LoginsApi\\vendor\\laravel\\lumen-framework\\src\\Concerns\\RoutesRequests.php(265): Laravel\\Lumen\\Application->callActionOnArrayBasedRoute(Array)
#10 C:\\LoginsApi\\vendor\\laravel\\lumen-framework\\src\\Concerns\\RoutesRequests.php(165): Laravel\\Lumen\\Application->handleFoundRoute(Array)
#11 C:\\LoginsApi\\vendor\\laravel\\lumen-framework\\src\\Concerns\\RoutesRequests.php(418): Laravel\\Lumen\\Application->Laravel\\Lumen\\Concerns\\{closure}(Object(Laravel\\Lumen\\Http\\Request))
#12 C:\\LoginsApi\\vendor\\laravel\\lumen-framework\\src\\Concerns\\RoutesRequests.php(171): Laravel\\Lumen\\Application->sendThroughPipeline(Array, Object(Closure))
#13 C:\\LoginsApi\\vendor\\laravel\\lumen-framework\\src\\Concerns\\RoutesRequests.php(108): Laravel\\Lumen\\Application->dispatch(NULL)
#14 C:\\LoginsApi\\public\\index.php(28): Laravel\\Lumen\\Application->run()
#15 {main}
"} 
[2020-01-06 15:50:43] local.ERROR: Symfony\Component\Debug\Exception\FatalThrowableError: Call to undefined method Laravel\Lumen\Http\Redirector::action() in C:\LoginsApi\app\Http\Controllers\RegisterController.php:69
Stack trace:
#0 [internal function]: App\Http\Controllers\RegisterController->store(Object(Laravel\Lumen\Http\Request))
#1 C:\LoginsApi\vendor\illuminate\container\BoundMethod.php(29): call_user_func_array(Array, Array)
#2 C:\LoginsApi\vendor\illuminate\container\BoundMethod.php(87): Illuminate\Container\BoundMethod::Illuminate\Container\{closure}()
#3 C:\LoginsApi\vendor\illuminate\container\BoundMethod.php(31): Illuminate\Container\BoundMethod::callBoundMethod(Object(Laravel\Lumen\Application), Array, Object(Closure))
#4 C:\LoginsApi\vendor\illuminate\container\Container.php(572): Illuminate\Container\BoundMethod::call(Object(Laravel\Lumen\Application), Array, Array, NULL)
#5 C:\LoginsApi\vendor\laravel\lumen-framework\src\Concerns\RoutesRequests.php(378): Illuminate\Container\Container->call(Array, Array)
#6 C:\LoginsApi\vendor\laravel\lumen-framework\src\Concerns\RoutesRequests.php(344): Laravel\Lumen\Application->callControllerCallable(Array, Array)
#7 C:\LoginsApi\vendor\laravel\lumen-framework\src\Concerns\RoutesRequests.php(318): Laravel\Lumen\Application->callLumenController(Object(App\Http\Controllers\RegisterController), 'store', Array)
#8 C:\LoginsApi\vendor\laravel\lumen-framework\src\Concerns\RoutesRequests.php(280): Laravel\Lumen\Application->callControllerAction(Array)
#9 C:\LoginsApi\vendor\laravel\lumen-framework\src\Concerns\RoutesRequests.php(265): Laravel\Lumen\Application->callActionOnArrayBasedRoute(Array)
#10 C:\LoginsApi\vendor\laravel\lumen-framework\src\Concerns\RoutesRequests.php(165): Laravel\Lumen\Application->handleFoundRoute(Array)
#11 C:\LoginsApi\vendor\laravel\lumen-framework\src\Concerns\RoutesRequests.php(418): Laravel\Lumen\Application->Laravel\Lumen\Concerns\{closure}(Object(Laravel\Lumen\Http\Request))
#12 C:\LoginsApi\vendor\laravel\lumen-framework\src\Concerns\RoutesRequests.php(171): Laravel\Lumen\Application->sendThroughPipeline(Array, Object(Closure))
#13 C:\LoginsApi\vendor\laravel\lumen-framework\src\Concerns\RoutesRequests.php(108): Laravel\Lumen\Application->dispatch(NULL)
#14 C:\LoginsApi\public\index.php(28): Laravel\Lumen\Application->run()
#15 {main} {"exception":"[object] (Symfony\\Component\\Debug\\Exception\\FatalThrowableError(code: 0): Call to undefined method Laravel\\Lumen\\Http\\Redirector::action() at C:\\LoginsApi\\app\\Http\\Controllers\\RegisterController.php:69)
[stacktrace]
#0 [internal function]: App\\Http\\Controllers\\RegisterController->store(Object(Laravel\\Lumen\\Http\\Request))
#1 C:\\LoginsApi\\vendor\\illuminate\\container\\BoundMethod.php(29): call_user_func_array(Array, Array)
#2 C:\\LoginsApi\\vendor\\illuminate\\container\\BoundMethod.php(87): Illuminate\\Container\\BoundMethod::Illuminate\\Container\\{closure}()
#3 C:\\LoginsApi\\vendor\\illuminate\\container\\BoundMethod.php(31): Illuminate\\Container\\BoundMethod::callBoundMethod(Object(Laravel\\Lumen\\Application), Array, Object(Closure))
#4 C:\\LoginsApi\\vendor\\illuminate\\container\\Container.php(572): Illuminate\\Container\\BoundMethod::call(Object(Laravel\\Lumen\\Application), Array, Array, NULL)
#5 C:\\LoginsApi\\vendor\\laravel\\lumen-framework\\src\\Concerns\\RoutesRequests.php(378): Illuminate\\Container\\Container->call(Array, Array)
#6 C:\\LoginsApi\\vendor\\laravel\\lumen-framework\\src\\Concerns\\RoutesRequests.php(344): Laravel\\Lumen\\Application->callControllerCallable(Array, Array)
#7 C:\\LoginsApi\\vendor\\laravel\\lumen-framework\\src\\Concerns\\RoutesRequests.php(318): Laravel\\Lumen\\Application->callLumenController(Object(App\\Http\\Controllers\\RegisterController), 'store', Array)
#8 C:\\LoginsApi\\vendor\\laravel\\lumen-framework\\src\\Concerns\\RoutesRequests.php(280): Laravel\\Lumen\\Application->callControllerAction(Array)
#9 C:\\LoginsApi\\vendor\\laravel\\lumen-framework\\src\\Concerns\\RoutesRequests.php(265): Laravel\\Lumen\\Application->callActionOnArrayBasedRoute(Array)
#10 C:\\LoginsApi\\vendor\\laravel\\lumen-framework\\src\\Concerns\\RoutesRequests.php(165): Laravel\\Lumen\\Application->handleFoundRoute(Array)
#11 C:\\LoginsApi\\vendor\\laravel\\lumen-framework\\src\\Concerns\\RoutesRequests.php(418): Laravel\\Lumen\\Application->Laravel\\Lumen\\Concerns\\{closure}(Object(Laravel\\Lumen\\Http\\Request))
#12 C:\\LoginsApi\\vendor\\laravel\\lumen-framework\\src\\Concerns\\RoutesRequests.php(171): Laravel\\Lumen\\Application->sendThroughPipeline(Array, Object(Closure))
#13 C:\\LoginsApi\\vendor\\laravel\\lumen-framework\\src\\Concerns\\RoutesRequests.php(108): Laravel\\Lumen\\Application->dispatch(NULL)
#14 C:\\LoginsApi\\public\\index.php(28): Laravel\\Lumen\\Application->run()
#15 {main}
"} 
[2020-01-06 15:59:26] local.ERROR: Symfony\Component\Debug\Exception\FatalThrowableError: Call to undefined method Laravel\Lumen\Routing\Router::name() in C:\LoginsApi\routes\web.php:14
Stack trace:
#0 C:\LoginsApi\bootstrap\app.php(106): require()
#1 [internal function]: {closure}(Object(Laravel\Lumen\Routing\Router))
#2 C:\LoginsApi\vendor\laravel\lumen-framework\src\Routing\Router.php(62): call_user_func(Object(Closure), Object(Laravel\Lumen\Routing\Router))
#3 C:\LoginsApi\bootstrap\app.php(107): Laravel\Lumen\Routing\Router->group(Array, Object(Closure))
#4 C:\LoginsApi\public\index.php(14): require('C:\\LoginsApi\\bo...')
#5 {main} {"exception":"[object] (Symfony\\Component\\Debug\\Exception\\FatalThrowableError(code: 0): Call to undefined method Laravel\\Lumen\\Routing\\Router::name() at C:\\LoginsApi\outes\\web.php:14)
[stacktrace]
#0 C:\\LoginsApi\\bootstrap\\app.php(106): require()
#1 [internal function]: {closure}(Object(Laravel\\Lumen\\Routing\\Router))
#2 C:\\LoginsApi\\vendor\\laravel\\lumen-framework\\src\\Routing\\Router.php(62): call_user_func(Object(Closure), Object(Laravel\\Lumen\\Routing\\Router))
#3 C:\\LoginsApi\\bootstrap\\app.php(107): Laravel\\Lumen\\Routing\\Router->group(Array, Object(Closure))
#4 C:\\LoginsApi\\public\\index.php(14): require('C:\\\\LoginsApi\\\\bo...')
#5 {main}
"} 
[2020-01-06 16:15:19] local.ERROR: InvalidArgumentException: Route [login] not defined. in C:\LoginsApi\vendor\laravel\lumen-framework\src\Routing\UrlGenerator.php:253
Stack trace:
#0 C:\LoginsApi\vendor\laravel\lumen-framework\src\Http\Redirector.php(55): Laravel\Lumen\Routing\UrlGenerator->route('login', Array)
#1 C:\LoginsApi\app\Http\Controllers\RegisterController.php(71): Laravel\Lumen\Http\Redirector->route('login')
#2 [internal function]: App\Http\Controllers\RegisterController->store(Object(Laravel\Lumen\Http\Request))
#3 C:\LoginsApi\vendor\illuminate\container\BoundMethod.php(29): call_user_func_array(Array, Array)
#4 C:\LoginsApi\vendor\illuminate\container\BoundMethod.php(87): Illuminate\Container\BoundMethod::Illuminate\Container\{closure}()
#5 C:\LoginsApi\vendor\illuminate\container\BoundMethod.php(31): Illuminate\Container\BoundMethod::callBoundMethod(Object(Laravel\Lumen\Application), Array, Object(Closure))
#6 C:\LoginsApi\vendor\illuminate\container\Container.php(572): Illuminate\Container\BoundMethod::call(Object(Laravel\Lumen\Application), Array, Array, NULL)
#7 C:\LoginsApi\vendor\laravel\lumen-framework\src\Concerns\RoutesRequests.php(378): Illuminate\Container\Container->call(Array, Array)
#8 C:\LoginsApi\vendor\laravel\lumen-framework\src\Concerns\RoutesRequests.php(344): Laravel\Lumen\Application->callControllerCallable(Array, Array)
#9 C:\LoginsApi\vendor\laravel\lumen-framework\src\Concerns\RoutesRequests.php(318): Laravel\Lumen\Application->callLumenController(Object(App\Http\Controllers\RegisterController), 'store', Array)
#10 C:\LoginsApi\vendor\laravel\lumen-framework\src\Concerns\RoutesRequests.php(280): Laravel\Lumen\Application->callControllerAction(Array)
#11 C:\LoginsApi\vendor\laravel\lumen-framework\src\Concerns\RoutesRequests.php(265): Laravel\Lumen\Application->callActionOnArrayBasedRoute(Array)
#12 C:\LoginsApi\vendor\laravel\lumen-framework\src\Concerns\RoutesRequests.php(165): Laravel\Lumen\Application->handleFoundRoute(Array)
#13 C:\LoginsApi\vendor\laravel\lumen-framework\src\Concerns\RoutesRequests.php(418): Laravel\Lumen\Application->Laravel\Lumen\Concerns\{closure}(Object(Laravel\Lumen\Http\Request))
#14 C:\LoginsApi\vendor\laravel\lumen-framework\src\Concerns\RoutesRequests.php(171): Laravel\Lumen\Application->sendThroughPipeline(Array, Object(Closure))
#15 C:\LoginsApi\vendor\laravel\lumen-framework\src\Concerns\RoutesRequests.php(108): Laravel\Lumen\Application->dispatch(NULL)
#16 C:\LoginsApi\public\index.php(28): Laravel\Lumen\Application->run()
#17 {main} {"exception":"[object] (InvalidArgumentException(code: 0): Route [login] not defined. at C:\\LoginsApi\\vendor\\laravel\\lumen-framework\\src\\Routing\\UrlGenerator.php:253)
[stacktrace]
#0 C:\\LoginsApi\\vendor\\laravel\\lumen-framework\\src\\Http\\Redirector.php(55): Laravel\\Lumen\\Routing\\UrlGenerator->route('login', Array)
#1 C:\\LoginsApi\\app\\Http\\Controllers\\RegisterController.php(71): Laravel\\Lumen\\Http\\Redirector->route('login')
#2 [internal function]: App\\Http\\Controllers\\RegisterController->store(Object(Laravel\\Lumen\\Http\\Request))
#3 C:\\LoginsApi\\vendor\\illuminate\\container\\BoundMethod.php(29): call_user_func_array(Array, Array)
#4 C:\\LoginsApi\\vendor\\illuminate\\container\\BoundMethod.php(87): Illuminate\\Container\\BoundMethod::Illuminate\\Container\\{closure}()
#5 C:\\LoginsApi\\vendor\\illuminate\\container\\BoundMethod.php(31): Illuminate\\Container\\BoundMethod::callBoundMethod(Object(Laravel\\Lumen\\Application), Array, Object(Closure))
#6 C:\\LoginsApi\\vendor\\illuminate\\container\\Container.php(572): Illuminate\\Container\\BoundMethod::call(Object(Laravel\\Lumen\\Application), Array, Array, NULL)
#7 C:\\LoginsApi\\vendor\\laravel\\lumen-framework\\src\\Concerns\\RoutesRequests.php(378): Illuminate\\Container\\Container->call(Array, Array)
#8 C:\\LoginsApi\\vendor\\laravel\\lumen-framework\\src\\Concerns\\RoutesRequests.php(344): Laravel\\Lumen\\Application->callControllerCallable(Array, Array)
#9 C:\\LoginsApi\\vendor\\laravel\\lumen-framework\\src\\Concerns\\RoutesRequests.php(318): Laravel\\Lumen\\Application->callLumenController(Object(App\\Http\\Controllers\\RegisterController), 'store', Array)
#10 C:\\LoginsApi\\vendor\\laravel\\lumen-framework\\src\\Concerns\\RoutesRequests.php(280): Laravel\\Lumen\\Application->callControllerAction(Array)
#11 C:\\LoginsApi\\vendor\\laravel\\lumen-framework\\src\\Concerns\\RoutesRequests.php(265): Laravel\\Lumen\\Application->callActionOnArrayBasedRoute(Array)
#12 C:\\LoginsApi\\vendor\\laravel\\lumen-framework\\src\\Concerns\\RoutesRequests.php(165): Laravel\\Lumen\\Application->handleFoundRoute(Array)
#13 C:\\LoginsApi\\vendor\\laravel\\lumen-framework\\src\\Concerns\\RoutesRequests.php(418): Laravel\\Lumen\\Application->Laravel\\Lumen\\Concerns\\{closure}(Object(Laravel\\Lumen\\Http\\Request))
#14 C:\\LoginsApi\\vendor\\laravel\\lumen-framework\\src\\Concerns\\RoutesRequests.php(171): Laravel\\Lumen\\Application->sendThroughPipeline(Array, Object(Closure))
#15 C:\\LoginsApi\\vendor\\laravel\\lumen-framework\\src\\Concerns\\RoutesRequests.php(108): Laravel\\Lumen\\Application->dispatch(NULL)
#16 C:\\LoginsApi\\public\\index.php(28): Laravel\\Lumen\\Application->run()
#17 {main}
"} 
[2020-01-06 16:17:36] local.ERROR: Symfony\Component\Debug\Exception\FatalThrowableError: Call to undefined method Laravel\Lumen\Http\Redirector::action() in C:\LoginsApi\app\Http\Controllers\RegisterController.php:70
Stack trace:
#0 [internal function]: App\Http\Controllers\RegisterController->store(Object(Laravel\Lumen\Http\Request))
#1 C:\LoginsApi\vendor\illuminate\container\BoundMethod.php(29): call_user_func_array(Array, Array)
#2 C:\LoginsApi\vendor\illuminate\container\BoundMethod.php(87): Illuminate\Container\BoundMethod::Illuminate\Container\{closure}()
#3 C:\LoginsApi\vendor\illuminate\container\BoundMethod.php(31): Illuminate\Container\BoundMethod::callBoundMethod(Object(Laravel\Lumen\Application), Array, Object(Closure))
#4 C:\LoginsApi\vendor\illuminate\container\Container.php(572): Illuminate\Container\BoundMethod::call(Object(Laravel\Lumen\Application), Array, Array, NULL)
#5 C:\LoginsApi\vendor\laravel\lumen-framework\src\Concerns\RoutesRequests.php(378): Illuminate\Container\Container->call(Array, Array)
#6 C:\LoginsApi\vendor\laravel\lumen-framework\src\Concerns\RoutesRequests.php(344): Laravel\Lumen\Application->callControllerCallable(Array, Array)
#7 C:\LoginsApi\vendor\laravel\lumen-framework\src\Concerns\RoutesRequests.php(318): Laravel\Lumen\Application->callLumenController(Object(App\Http\Controllers\RegisterController), 'store', Array)
#8 C:\LoginsApi\vendor\laravel\lumen-framework\src\Concerns\RoutesRequests.php(280): Laravel\Lumen\Application->callControllerAction(Array)
#9 C:\LoginsApi\vendor\laravel\lumen-framework\src\Concerns\RoutesRequests.php(265): Laravel\Lumen\Application->callActionOnArrayBasedRoute(Array)
#10 C:\LoginsApi\vendor\laravel\lumen-framework\src\Concerns\RoutesRequests.php(165): Laravel\Lumen\Application->handleFoundRoute(Array)
#11 C:\LoginsApi\vendor\laravel\lumen-framework\src\Concerns\RoutesRequests.php(418): Laravel\Lumen\Application->Laravel\Lumen\Concerns\{closure}(Object(Laravel\Lumen\Http\Request))
#12 C:\LoginsApi\vendor\laravel\lumen-framework\src\Concerns\RoutesRequests.php(171): Laravel\Lumen\Application->sendThroughPipeline(Array, Object(Closure))
#13 C:\LoginsApi\vendor\laravel\lumen-framework\src\Concerns\RoutesRequests.php(108): Laravel\Lumen\Application->dispatch(NULL)
#14 C:\LoginsApi\public\index.php(28): Laravel\Lumen\Application->run()
#15 {main} {"exception":"[object] (Symfony\\Component\\Debug\\Exception\\FatalThrowableError(code: 0): Call to undefined method Laravel\\Lumen\\Http\\Redirector::action() at C:\\LoginsApi\\app\\Http\\Controllers\\RegisterController.php:70)
[stacktrace]
#0 [internal function]: App\\Http\\Controllers\\RegisterController->store(Object(Laravel\\Lumen\\Http\\Request))
#1 C:\\LoginsApi\\vendor\\illuminate\\container\\BoundMethod.php(29): call_user_func_array(Array, Array)
#2 C:\\LoginsApi\\vendor\\illuminate\\container\\BoundMethod.php(87): Illuminate\\Container\\BoundMethod::Illuminate\\Container\\{closure}()
#3 C:\\LoginsApi\\vendor\\illuminate\\container\\BoundMethod.php(31): Illuminate\\Container\\BoundMethod::callBoundMethod(Object(Laravel\\Lumen\\Application), Array, Object(Closure))
#4 C:\\LoginsApi\\vendor\\illuminate\\container\\Container.php(572): Illuminate\\Container\\BoundMethod::call(Object(Laravel\\Lumen\\Application), Array, Array, NULL)
#5 C:\\LoginsApi\\vendor\\laravel\\lumen-framework\\src\\Concerns\\RoutesRequests.php(378): Illuminate\\Container\\Container->call(Array, Array)
#6 C:\\LoginsApi\\vendor\\laravel\\lumen-framework\\src\\Concerns\\RoutesRequests.php(344): Laravel\\Lumen\\Application->callControllerCallable(Array, Array)
#7 C:\\LoginsApi\\vendor\\laravel\\lumen-framework\\src\\Concerns\\RoutesRequests.php(318): Laravel\\Lumen\\Application->callLumenController(Object(App\\Http\\Controllers\\RegisterController), 'store', Array)
#8 C:\\LoginsApi\\vendor\\laravel\\lumen-framework\\src\\Concerns\\RoutesRequests.php(280): Laravel\\Lumen\\Application->callControllerAction(Array)
#9 C:\\LoginsApi\\vendor\\laravel\\lumen-framework\\src\\Concerns\\RoutesRequests.php(265): Laravel\\Lumen\\Application->callActionOnArrayBasedRoute(Array)
#10 C:\\LoginsApi\\vendor\\laravel\\lumen-framework\\src\\Concerns\\RoutesRequests.php(165): Laravel\\Lumen\\Application->handleFoundRoute(Array)
#11 C:\\LoginsApi\\vendor\\laravel\\lumen-framework\\src\\Concerns\\RoutesRequests.php(418): Laravel\\Lumen\\Application->Laravel\\Lumen\\Concerns\\{closure}(Object(Laravel\\Lumen\\Http\\Request))
#12 C:\\LoginsApi\\vendor\\laravel\\lumen-framework\\src\\Concerns\\RoutesRequests.php(171): Laravel\\Lumen\\Application->sendThroughPipeline(Array, Object(Closure))
#13 C:\\LoginsApi\\vendor\\laravel\\lumen-framework\\src\\Concerns\\RoutesRequests.php(108): Laravel\\Lumen\\Application->dispatch(NULL)
#14 C:\\LoginsApi\\public\\index.php(28): Laravel\\Lumen\\Application->run()
#15 {main}
"} 
[2020-01-06 16:25:02] local.ERROR: Symfony\Component\Debug\Exception\FatalThrowableError: Call to undefined method Laravel\Lumen\Http\Redirector::action() in C:\LoginsApi\app\Http\Controllers\RegisterController.php:71
Stack trace:
#0 [internal function]: App\Http\Controllers\RegisterController->store(Object(Laravel\Lumen\Http\Request))
#1 C:\LoginsApi\vendor\illuminate\container\BoundMethod.php(29): call_user_func_array(Array, Array)
#2 C:\LoginsApi\vendor\illuminate\container\BoundMethod.php(87): Illuminate\Container\BoundMethod::Illuminate\Container\{closure}()
#3 C:\LoginsApi\vendor\illuminate\container\BoundMethod.php(31): Illuminate\Container\BoundMethod::callBoundMethod(Object(Laravel\Lumen\Application), Array, Object(Closure))
#4 C:\LoginsApi\vendor\illuminate\container\Container.php(572): Illuminate\Container\BoundMethod::call(Object(Laravel\Lumen\Application), Array, Array, NULL)
#5 C:\LoginsApi\vendor\laravel\lumen-framework\src\Concerns\RoutesRequests.php(378): Illuminate\Container\Container->call(Array, Array)
#6 C:\LoginsApi\vendor\laravel\lumen-framework\src\Concerns\RoutesRequests.php(344): Laravel\Lumen\Application->callControllerCallable(Array, Array)
#7 C:\LoginsApi\vendor\laravel\lumen-framework\src\Concerns\RoutesRequests.php(318): Laravel\Lumen\Application->callLumenController(Object(App\Http\Controllers\RegisterController), 'store', Array)
#8 C:\LoginsApi\vendor\laravel\lumen-framework\src\Concerns\RoutesRequests.php(280): Laravel\Lumen\Application->callControllerAction(Array)
#9 C:\LoginsApi\vendor\laravel\lumen-framework\src\Concerns\RoutesRequests.php(265): Laravel\Lumen\Application->callActionOnArrayBasedRoute(Array)
#10 C:\LoginsApi\vendor\laravel\lumen-framework\src\Concerns\RoutesRequests.php(165): Laravel\Lumen\Application->handleFoundRoute(Array)
#11 C:\LoginsApi\vendor\laravel\lumen-framework\src\Concerns\RoutesRequests.php(418): Laravel\Lumen\Application->Laravel\Lumen\Concerns\{closure}(Object(Laravel\Lumen\Http\Request))
#12 C:\LoginsApi\vendor\laravel\lumen-framework\src\Concerns\RoutesRequests.php(171): Laravel\Lumen\Application->sendThroughPipeline(Array, Object(Closure))
#13 C:\LoginsApi\vendor\laravel\lumen-framework\src\Concerns\RoutesRequests.php(108): Laravel\Lumen\Application->dispatch(NULL)
#14 C:\LoginsApi\public\index.php(28): Laravel\Lumen\Application->run()
#15 {main} {"exception":"[object] (Symfony\\Component\\Debug\\Exception\\FatalThrowableError(code: 0): Call to undefined method Laravel\\Lumen\\Http\\Redirector::action() at C:\\LoginsApi\\app\\Http\\Controllers\\RegisterController.php:71)
[stacktrace]
#0 [internal function]: App\\Http\\Controllers\\RegisterController->store(Object(Laravel\\Lumen\\Http\\Request))
#1 C:\\LoginsApi\\vendor\\illuminate\\container\\BoundMethod.php(29): call_user_func_array(Array, Array)
#2 C:\\LoginsApi\\vendor\\illuminate\\container\\BoundMethod.php(87): Illuminate\\Container\\BoundMethod::Illuminate\\Container\\{closure}()
#3 C:\\LoginsApi\\vendor\\illuminate\\container\\BoundMethod.php(31): Illuminate\\Container\\BoundMethod::callBoundMethod(Object(Laravel\\Lumen\\Application), Array, Object(Closure))
#4 C:\\LoginsApi\\vendor\\illuminate\\container\\Container.php(572): Illuminate\\Container\\BoundMethod::call(Object(Laravel\\Lumen\\Application), Array, Array, NULL)
#5 C:\\LoginsApi\\vendor\\laravel\\lumen-framework\\src\\Concerns\\RoutesRequests.php(378): Illuminate\\Container\\Container->call(Array, Array)
#6 C:\\LoginsApi\\vendor\\laravel\\lumen-framework\\src\\Concerns\\RoutesRequests.php(344): Laravel\\Lumen\\Application->callControllerCallable(Array, Array)
#7 C:\\LoginsApi\\vendor\\laravel\\lumen-framework\\src\\Concerns\\RoutesRequests.php(318): Laravel\\Lumen\\Application->callLumenController(Object(App\\Http\\Controllers\\RegisterController), 'store', Array)
#8 C:\\LoginsApi\\vendor\\laravel\\lumen-framework\\src\\Concerns\\RoutesRequests.php(280): Laravel\\Lumen\\Application->callControllerAction(Array)
#9 C:\\LoginsApi\\vendor\\laravel\\lumen-framework\\src\\Concerns\\RoutesRequests.php(265): Laravel\\Lumen\\Application->callActionOnArrayBasedRoute(Array)
#10 C:\\LoginsApi\\vendor\\laravel\\lumen-framework\\src\\Concerns\\RoutesRequests.php(165): Laravel\\Lumen\\Application->handleFoundRoute(Array)
#11 C:\\LoginsApi\\vendor\\laravel\\lumen-framework\\src\\Concerns\\RoutesRequests.php(418): Laravel\\Lumen\\Application->Laravel\\Lumen\\Concerns\\{closure}(Object(Laravel\\Lumen\\Http\\Request))
#12 C:\\LoginsApi\\vendor\\laravel\\lumen-framework\\src\\Concerns\\RoutesRequests.php(171): Laravel\\Lumen\\Application->sendThroughPipeline(Array, Object(Closure))
#13 C:\\LoginsApi\\vendor\\laravel\\lumen-framework\\src\\Concerns\\RoutesRequests.php(108): Laravel\\Lumen\\Application->dispatch(NULL)
#14 C:\\LoginsApi\\public\\index.php(28): Laravel\\Lumen\\Application->run()
#15 {main}
"} 
[2020-01-06 17:39:47] local.ERROR: Symfony\Component\Debug\Exception\FatalThrowableError: Call to undefined method Laravel\Lumen\Http\Redirector::action() in C:\LoginsApi\app\Http\Controllers\RegisterController.php:71
Stack trace:
#0 [internal function]: App\Http\Controllers\RegisterController->store(Object(Laravel\Lumen\Http\Request))
#1 C:\LoginsApi\vendor\illuminate\container\BoundMethod.php(29): call_user_func_array(Array, Array)
#2 C:\LoginsApi\vendor\illuminate\container\BoundMethod.php(87): Illuminate\Container\BoundMethod::Illuminate\Container\{closure}()
#3 C:\LoginsApi\vendor\illuminate\container\BoundMethod.php(31): Illuminate\Container\BoundMethod::callBoundMethod(Object(Laravel\Lumen\Application), Array, Object(Closure))
#4 C:\LoginsApi\vendor\illuminate\container\Container.php(572): Illuminate\Container\BoundMethod::call(Object(Laravel\Lumen\Application), Array, Array, NULL)
#5 C:\LoginsApi\vendor\laravel\lumen-framework\src\Concerns\RoutesRequests.php(378): Illuminate\Container\Container->call(Array, Array)
#6 C:\LoginsApi\vendor\laravel\lumen-framework\src\Concerns\RoutesRequests.php(344): Laravel\Lumen\Application->callControllerCallable(Array, Array)
#7 C:\LoginsApi\vendor\laravel\lumen-framework\src\Concerns\RoutesRequests.php(318): Laravel\Lumen\Application->callLumenController(Object(App\Http\Controllers\RegisterController), 'store', Array)
#8 C:\LoginsApi\vendor\laravel\lumen-framework\src\Concerns\RoutesRequests.php(280): Laravel\Lumen\Application->callControllerAction(Array)
#9 C:\LoginsApi\vendor\laravel\lumen-framework\src\Concerns\RoutesRequests.php(265): Laravel\Lumen\Application->callActionOnArrayBasedRoute(Array)
#10 C:\LoginsApi\vendor\laravel\lumen-framework\src\Concerns\RoutesRequests.php(165): Laravel\Lumen\Application->handleFoundRoute(Array)
#11 C:\LoginsApi\vendor\laravel\lumen-framework\src\Concerns\RoutesRequests.php(418): Laravel\Lumen\Application->Laravel\Lumen\Concerns\{closure}(Object(Laravel\Lumen\Http\Request))
#12 C:\LoginsApi\vendor\laravel\lumen-framework\src\Concerns\RoutesRequests.php(171): Laravel\Lumen\Application->sendThroughPipeline(Array, Object(Closure))
#13 C:\LoginsApi\vendor\laravel\lumen-framework\src\Concerns\RoutesRequests.php(108): Laravel\Lumen\Application->dispatch(NULL)
#14 C:\LoginsApi\public\index.php(28): Laravel\Lumen\Application->run()
#15 {main} {"exception":"[object] (Symfony\\Component\\Debug\\Exception\\FatalThrowableError(code: 0): Call to undefined method Laravel\\Lumen\\Http\\Redirector::action() at C:\\LoginsApi\\app\\Http\\Controllers\\RegisterController.php:71)
[stacktrace]
#0 [internal function]: App\\Http\\Controllers\\RegisterController->store(Object(Laravel\\Lumen\\Http\\Request))
#1 C:\\LoginsApi\\vendor\\illuminate\\container\\BoundMethod.php(29): call_user_func_array(Array, Array)
#2 C:\\LoginsApi\\vendor\\illuminate\\container\\BoundMethod.php(87): Illuminate\\Container\\BoundMethod::Illuminate\\Container\\{closure}()
#3 C:\\LoginsApi\\vendor\\illuminate\\container\\BoundMethod.php(31): Illuminate\\Container\\BoundMethod::callBoundMethod(Object(Laravel\\Lumen\\Application), Array, Object(Closure))
#4 C:\\LoginsApi\\vendor\\illuminate\\container\\Container.php(572): Illuminate\\Container\\BoundMethod::call(Object(Laravel\\Lumen\\Application), Array, Array, NULL)
#5 C:\\LoginsApi\\vendor\\laravel\\lumen-framework\\src\\Concerns\\RoutesRequests.php(378): Illuminate\\Container\\Container->call(Array, Array)
#6 C:\\LoginsApi\\vendor\\laravel\\lumen-framework\\src\\Concerns\\RoutesRequests.php(344): Laravel\\Lumen\\Application->callControllerCallable(Array, Array)
#7 C:\\LoginsApi\\vendor\\laravel\\lumen-framework\\src\\Concerns\\RoutesRequests.php(318): Laravel\\Lumen\\Application->callLumenController(Object(App\\Http\\Controllers\\RegisterController), 'store', Array)
#8 C:\\LoginsApi\\vendor\\laravel\\lumen-framework\\src\\Concerns\\RoutesRequests.php(280): Laravel\\Lumen\\Application->callControllerAction(Array)
#9 C:\\LoginsApi\\vendor\\laravel\\lumen-framework\\src\\Concerns\\RoutesRequests.php(265): Laravel\\Lumen\\Application->callActionOnArrayBasedRoute(Array)
#10 C:\\LoginsApi\\vendor\\laravel\\lumen-framework\\src\\Concerns\\RoutesRequests.php(165): Laravel\\Lumen\\Application->handleFoundRoute(Array)
#11 C:\\LoginsApi\\vendor\\laravel\\lumen-framework\\src\\Concerns\\RoutesRequests.php(418): Laravel\\Lumen\\Application->Laravel\\Lumen\\Concerns\\{closure}(Object(Laravel\\Lumen\\Http\\Request))
#12 C:\\LoginsApi\\vendor\\laravel\\lumen-framework\\src\\Concerns\\RoutesRequests.php(171): Laravel\\Lumen\\Application->sendThroughPipeline(Array, Object(Closure))
#13 C:\\LoginsApi\\vendor\\laravel\\lumen-framework\\src\\Concerns\\RoutesRequests.php(108): Laravel\\Lumen\\Application->dispatch(NULL)
#14 C:\\LoginsApi\\public\\index.php(28): Laravel\\Lumen\\Application->run()
#15 {main}
"} 
[2020-01-06 17:44:51] local.ERROR: ErrorException: Undefined variable: router in C:\LoginsApi\app\Http\Controllers\RegisterController.php:71
Stack trace:
#0 C:\LoginsApi\app\Http\Controllers\RegisterController.php(71): Laravel\Lumen\Application->Laravel\Lumen\Concerns\{closure}(8, 'Undefined varia...', 'C:\\LoginsApi\\ap...', 71, Array)
#1 [internal function]: App\Http\Controllers\RegisterController->store(Object(Laravel\Lumen\Http\Request))
#2 C:\LoginsApi\vendor\illuminate\container\BoundMethod.php(29): call_user_func_array(Array, Array)
#3 C:\LoginsApi\vendor\illuminate\container\BoundMethod.php(87): Illuminate\Container\BoundMethod::Illuminate\Container\{closure}()
#4 C:\LoginsApi\vendor\illuminate\container\BoundMethod.php(31): Illuminate\Container\BoundMethod::callBoundMethod(Object(Laravel\Lumen\Application), Array, Object(Closure))
#5 C:\LoginsApi\vendor\illuminate\container\Container.php(572): Illuminate\Container\BoundMethod::call(Object(Laravel\Lumen\Application), Array, Array, NULL)
#6 C:\LoginsApi\vendor\laravel\lumen-framework\src\Concerns\RoutesRequests.php(378): Illuminate\Container\Container->call(Array, Array)
#7 C:\LoginsApi\vendor\laravel\lumen-framework\src\Concerns\RoutesRequests.php(344): Laravel\Lumen\Application->callControllerCallable(Array, Array)
#8 C:\LoginsApi\vendor\laravel\lumen-framework\src\Concerns\RoutesRequests.php(318): Laravel\Lumen\Application->callLumenController(Object(App\Http\Controllers\RegisterController), 'store', Array)
#9 C:\LoginsApi\vendor\laravel\lumen-framework\src\Concerns\RoutesRequests.php(280): Laravel\Lumen\Application->callControllerAction(Array)
#10 C:\LoginsApi\vendor\laravel\lumen-framework\src\Concerns\RoutesRequests.php(265): Laravel\Lumen\Application->callActionOnArrayBasedRoute(Array)
#11 C:\LoginsApi\vendor\laravel\lumen-framework\src\Concerns\RoutesRequests.php(165): Laravel\Lumen\Application->handleFoundRoute(Array)
#12 C:\LoginsApi\vendor\laravel\lumen-framework\src\Concerns\RoutesRequests.php(418): Laravel\Lumen\Application->Laravel\Lumen\Concerns\{closure}(Object(Laravel\Lumen\Http\Request))
#13 C:\LoginsApi\vendor\laravel\lumen-framework\src\Concerns\RoutesRequests.php(171): Laravel\Lumen\Application->sendThroughPipeline(Array, Object(Closure))
#14 C:\LoginsApi\vendor\laravel\lumen-framework\src\Concerns\RoutesRequests.php(108): Laravel\Lumen\Application->dispatch(NULL)
#15 C:\LoginsApi\public\index.php(28): Laravel\Lumen\Application->run()
#16 {main} {"exception":"[object] (ErrorException(code: 0): Undefined variable: router at C:\\LoginsApi\\app\\Http\\Controllers\\RegisterController.php:71)
[stacktrace]
#0 C:\\LoginsApi\\app\\Http\\Controllers\\RegisterController.php(71): Laravel\\Lumen\\Application->Laravel\\Lumen\\Concerns\\{closure}(8, 'Undefined varia...', 'C:\\\\LoginsApi\\\\ap...', 71, Array)
#1 [internal function]: App\\Http\\Controllers\\RegisterController->store(Object(Laravel\\Lumen\\Http\\Request))
#2 C:\\LoginsApi\\vendor\\illuminate\\container\\BoundMethod.php(29): call_user_func_array(Array, Array)
#3 C:\\LoginsApi\\vendor\\illuminate\\container\\BoundMethod.php(87): Illuminate\\Container\\BoundMethod::Illuminate\\Container\\{closure}()
#4 C:\\LoginsApi\\vendor\\illuminate\\container\\BoundMethod.php(31): Illuminate\\Container\\BoundMethod::callBoundMethod(Object(Laravel\\Lumen\\Application), Array, Object(Closure))
#5 C:\\LoginsApi\\vendor\\illuminate\\container\\Container.php(572): Illuminate\\Container\\BoundMethod::call(Object(Laravel\\Lumen\\Application), Array, Array, NULL)
#6 C:\\LoginsApi\\vendor\\laravel\\lumen-framework\\src\\Concerns\\RoutesRequests.php(378): Illuminate\\Container\\Container->call(Array, Array)
#7 C:\\LoginsApi\\vendor\\laravel\\lumen-framework\\src\\Concerns\\RoutesRequests.php(344): Laravel\\Lumen\\Application->callControllerCallable(Array, Array)
#8 C:\\LoginsApi\\vendor\\laravel\\lumen-framework\\src\\Concerns\\RoutesRequests.php(318): Laravel\\Lumen\\Application->callLumenController(Object(App\\Http\\Controllers\\RegisterController), 'store', Array)
#9 C:\\LoginsApi\\vendor\\laravel\\lumen-framework\\src\\Concerns\\RoutesRequests.php(280): Laravel\\Lumen\\Application->callControllerAction(Array)
#10 C:\\LoginsApi\\vendor\\laravel\\lumen-framework\\src\\Concerns\\RoutesRequests.php(265): Laravel\\Lumen\\Application->callActionOnArrayBasedRoute(Array)
#11 C:\\LoginsApi\\vendor\\laravel\\lumen-framework\\src\\Concerns\\RoutesRequests.php(165): Laravel\\Lumen\\Application->handleFoundRoute(Array)
#12 C:\\LoginsApi\\vendor\\laravel\\lumen-framework\\src\\Concerns\\RoutesRequests.php(418): Laravel\\Lumen\\Application->Laravel\\Lumen\\Concerns\\{closure}(Object(Laravel\\Lumen\\Http\\Request))
#13 C:\\LoginsApi\\vendor\\laravel\\lumen-framework\\src\\Concerns\\RoutesRequests.php(171): Laravel\\Lumen\\Application->sendThroughPipeline(Array, Object(Closure))
#14 C:\\LoginsApi\\vendor\\laravel\\lumen-framework\\src\\Concerns\\RoutesRequests.php(108): Laravel\\Lumen\\Application->dispatch(NULL)
#15 C:\\LoginsApi\\public\\index.php(28): Laravel\\Lumen\\Application->run()
#16 {main}
"} 
[2020-01-06 18:22:06] local.ERROR: InvalidArgumentException: Route [billings] not defined. in C:\LoginsApi\vendor\laravel\lumen-framework\src\Routing\UrlGenerator.php:253
Stack trace:
#0 C:\LoginsApi\vendor\laravel\lumen-framework\src\Http\Redirector.php(55): Laravel\Lumen\Routing\UrlGenerator->route('billings', Array)
#1 C:\LoginsApi\app\Http\Controllers\LoginController.php(74): Laravel\Lumen\Http\Redirector->route('billings')
#2 [internal function]: App\Http\Controllers\LoginController->store(Object(Laravel\Lumen\Http\Request))
#3 C:\LoginsApi\vendor\illuminate\container\BoundMethod.php(29): call_user_func_array(Array, Array)
#4 C:\LoginsApi\vendor\illuminate\container\BoundMethod.php(87): Illuminate\Container\BoundMethod::Illuminate\Container\{closure}()
#5 C:\LoginsApi\vendor\illuminate\container\BoundMethod.php(31): Illuminate\Container\BoundMethod::callBoundMethod(Object(Laravel\Lumen\Application), Array, Object(Closure))
#6 C:\LoginsApi\vendor\illuminate\container\Container.php(572): Illuminate\Container\BoundMethod::call(Object(Laravel\Lumen\Application), Array, Array, NULL)
#7 C:\LoginsApi\vendor\laravel\lumen-framework\src\Concerns\RoutesRequests.php(378): Illuminate\Container\Container->call(Array, Array)
#8 C:\LoginsApi\vendor\laravel\lumen-framework\src\Concerns\RoutesRequests.php(344): Laravel\Lumen\Application->callControllerCallable(Array, Array)
#9 C:\LoginsApi\vendor\laravel\lumen-framework\src\Concerns\RoutesRequests.php(318): Laravel\Lumen\Application->callLumenController(Object(App\Http\Controllers\LoginController), 'store', Array)
#10 C:\LoginsApi\vendor\laravel\lumen-framework\src\Concerns\RoutesRequests.php(280): Laravel\Lumen\Application->callControllerAction(Array)
#11 C:\LoginsApi\vendor\laravel\lumen-framework\src\Concerns\RoutesRequests.php(265): Laravel\Lumen\Application->callActionOnArrayBasedRoute(Array)
#12 C:\LoginsApi\vendor\laravel\lumen-framework\src\Concerns\RoutesRequests.php(165): Laravel\Lumen\Application->handleFoundRoute(Array)
#13 C:\LoginsApi\vendor\laravel\lumen-framework\src\Concerns\RoutesRequests.php(418): Laravel\Lumen\Application->Laravel\Lumen\Concerns\{closure}(Object(Laravel\Lumen\Http\Request))
#14 C:\LoginsApi\vendor\laravel\lumen-framework\src\Concerns\RoutesRequests.php(171): Laravel\Lumen\Application->sendThroughPipeline(Array, Object(Closure))
#15 C:\LoginsApi\vendor\laravel\lumen-framework\src\Concerns\RoutesRequests.php(108): Laravel\Lumen\Application->dispatch(NULL)
#16 C:\LoginsApi\public\index.php(28): Laravel\Lumen\Application->run()
#17 {main} {"exception":"[object] (InvalidArgumentException(code: 0): Route [billings] not defined. at C:\\LoginsApi\\vendor\\laravel\\lumen-framework\\src\\Routing\\UrlGenerator.php:253)
[stacktrace]
#0 C:\\LoginsApi\\vendor\\laravel\\lumen-framework\\src\\Http\\Redirector.php(55): Laravel\\Lumen\\Routing\\UrlGenerator->route('billings', Array)
#1 C:\\LoginsApi\\app\\Http\\Controllers\\LoginController.php(74): Laravel\\Lumen\\Http\\Redirector->route('billings')
#2 [internal function]: App\\Http\\Controllers\\LoginController->store(Object(Laravel\\Lumen\\Http\\Request))
#3 C:\\LoginsApi\\vendor\\illuminate\\container\\BoundMethod.php(29): call_user_func_array(Array, Array)
#4 C:\\LoginsApi\\vendor\\illuminate\\container\\BoundMethod.php(87): Illuminate\\Container\\BoundMethod::Illuminate\\Container\\{closure}()
#5 C:\\LoginsApi\\vendor\\illuminate\\container\\BoundMethod.php(31): Illuminate\\Container\\BoundMethod::callBoundMethod(Object(Laravel\\Lumen\\Application), Array, Object(Closure))
#6 C:\\LoginsApi\\vendor\\illuminate\\container\\Container.php(572): Illuminate\\Container\\BoundMethod::call(Object(Laravel\\Lumen\\Application), Array, Array, NULL)
#7 C:\\LoginsApi\\vendor\\laravel\\lumen-framework\\src\\Concerns\\RoutesRequests.php(378): Illuminate\\Container\\Container->call(Array, Array)
#8 C:\\LoginsApi\\vendor\\laravel\\lumen-framework\\src\\Concerns\\RoutesRequests.php(344): Laravel\\Lumen\\Application->callControllerCallable(Array, Array)
#9 C:\\LoginsApi\\vendor\\laravel\\lumen-framework\\src\\Concerns\\RoutesRequests.php(318): Laravel\\Lumen\\Application->callLumenController(Object(App\\Http\\Controllers\\LoginController), 'store', Array)
#10 C:\\LoginsApi\\vendor\\laravel\\lumen-framework\\src\\Concerns\\RoutesRequests.php(280): Laravel\\Lumen\\Application->callControllerAction(Array)
#11 C:\\LoginsApi\\vendor\\laravel\\lumen-framework\\src\\Concerns\\RoutesRequests.php(265): Laravel\\Lumen\\Application->callActionOnArrayBasedRoute(Array)
#12 C:\\LoginsApi\\vendor\\laravel\\lumen-framework\\src\\Concerns\\RoutesRequests.php(165): Laravel\\Lumen\\Application->handleFoundRoute(Array)
#13 C:\\LoginsApi\\vendor\\laravel\\lumen-framework\\src\\Concerns\\RoutesRequests.php(418): Laravel\\Lumen\\Application->Laravel\\Lumen\\Concerns\\{closure}(Object(Laravel\\Lumen\\Http\\Request))
#14 C:\\LoginsApi\\vendor\\laravel\\lumen-framework\\src\\Concerns\\RoutesRequests.php(171): Laravel\\Lumen\\Application->sendThroughPipeline(Array, Object(Closure))
#15 C:\\LoginsApi\\vendor\\laravel\\lumen-framework\\src\\Concerns\\RoutesRequests.php(108): Laravel\\Lumen\\Application->dispatch(NULL)
#16 C:\\LoginsApi\\public\\index.php(28): Laravel\\Lumen\\Application->run()
#17 {main}
"} 
